<?xml version="1.0" encoding="UTF-8"?>
<robot generator="Robot 5.0.1 (Python 3.9.16 on win32)" generated="20230727 15:01:22.231" rpa="false" schemaversion="3">
<suite id="s1" name="Task" source="c:\Users\Admin\Desktop\LearnRobotFramwork\test\task.robot">
<test id="s1-t1" name="Search and Watch Video" line="9">
<kw name="Open Browser" library="SeleniumLibrary">
<arg>${YOUTUBE_URL}</arg>
<arg>${BROWSER}</arg>
<doc>Opens a new browser instance to the optional ``url``.</doc>
<msg timestamp="20230727 15:01:22.924" level="INFO">Opening browser 'chrome' to base url 'https://www.youtube.com'.</msg>
<msg timestamp="20230727 15:01:22.957" level="INFO">Applicable driver not found; attempting to install with Selenium Manager (Beta)</msg>
<status status="PASS" starttime="20230727 15:01:22.923" endtime="20230727 15:01:30.101"/>
</kw>
<kw name="Input Text" library="SeleniumLibrary">
<arg>name=search_query</arg>
<arg>chúng ta không thuộc về nhau</arg>
<doc>Types the given ``text`` into the text field identified by ``locator``.</doc>
<msg timestamp="20230727 15:01:30.105" level="INFO">Typing text 'chúng ta không thuộc về nhau' into text field 'name=search_query'.</msg>
<status status="PASS" starttime="20230727 15:01:30.104" endtime="20230727 15:01:30.547"/>
</kw>
<kw name="Submit Form" library="SeleniumLibrary">
<doc>Submits a form identified by ``locator``.</doc>
<msg timestamp="20230727 15:01:30.554" level="INFO">Submitting form 'None'.</msg>
<status status="PASS" starttime="20230727 15:01:30.553" endtime="20230727 15:01:32.365"/>
</kw>
<kw name="Wait Until Page Contains" library="SeleniumLibrary">
<arg>chúng ta không thuộc về nhau</arg>
<doc>Waits until ``text`` appears on the current page.</doc>
<status status="PASS" starttime="20230727 15:01:32.368" endtime="20230727 15:01:32.479"/>
</kw>
<kw name="Click First Video Link">
<kw name="Get WebElements" library="SeleniumLibrary">
<var>${video_links}</var>
<arg>xpath=//a[@id='video-title']</arg>
<doc>Returns a list of WebElement objects matching the ``locator``.</doc>
<msg timestamp="20230727 15:01:32.995" level="INFO">${video_links} = [&lt;selenium.webdriver.remote.webelement.WebElement (session="0bb5da6c6385ec101308f4f455cbf91d", element="BF9913648F2F59FB50033008BD3F884D_element_21")&gt;, &lt;selenium.webdriver.remote.webelement.WebElement...</msg>
<status status="PASS" starttime="20230727 15:01:32.480" endtime="20230727 15:01:32.996"/>
</kw>
<kw name="Click Element" library="SeleniumLibrary">
<arg>${video_links}[1]</arg>
<doc>Click the element identified by ``locator``.</doc>
<msg timestamp="20230727 15:01:32.996" level="INFO">Clicking element '&lt;selenium.webdriver.remote.webelement.WebElement (session="0bb5da6c6385ec101308f4f455cbf91d", element="BF9913648F2F59FB50033008BD3F884D_element_22")&gt;'.</msg>
<status status="PASS" starttime="20230727 15:01:32.996" endtime="20230727 15:01:33.760"/>
</kw>
<status status="PASS" starttime="20230727 15:01:32.480" endtime="20230727 15:01:33.760"/>
</kw>
<kw name="Maximize Browser Window" library="SeleniumLibrary">
<doc>Maximizes current browser window.</doc>
<status status="PASS" starttime="20230727 15:01:33.761" endtime="20230727 15:01:34.006"/>
</kw>
<kw name="Sleep" library="BuiltIn">
<arg>30s</arg>
<doc>Pauses the test executed for the given time.</doc>
<msg timestamp="20230727 15:02:04.021" level="INFO">Slept 30 seconds</msg>
<status status="PASS" starttime="20230727 15:01:34.008" endtime="20230727 15:02:04.022"/>
</kw>
<status status="PASS" starttime="20230727 15:01:22.921" endtime="20230727 15:02:04.024"/>
</test>
<status status="PASS" starttime="20230727 15:01:22.245" endtime="20230727 15:02:04.033"/>
</suite>
<statistics>
<total>
<stat pass="1" fail="0" skip="0">All Tests</stat>
</total>
<tag>
</tag>
<suite>
<stat pass="1" fail="0" skip="0" id="s1" name="Task">Task</stat>
</suite>
</statistics>
<errors>
</errors>
</robot>
