<?xml version="1.0" encoding="UTF-8"?>
<robot generator="Robot 5.0.1 (Python 3.9.13 on win32)" generated="20230810 17:14:24.972" rpa="false" schemaversion="3">
<suite id="s1" name="Categories Post" source="c:\Users\Admin\Desktop\LearnRobotFramwork\LearnSeleniumlibraryRobotframework\DuAnInmergers\testcases\categories_post.robot">
<test id="s1-t1" name="CA_PO_04 Verify that edit successfully" line="40">
<kw name="Setup" library="common" type="SETUP">
<kw name="Set Browser Timeout" library="Browser">
<arg>${BROWSER_TIMEOUT}</arg>
<tag>Config</tag>
<tag>Setter</tag>
<doc>Sets the timeout used by most input and getter keywords.</doc>
<status status="PASS" starttime="20230810 17:14:27.801" endtime="20230810 17:14:27.809"/>
</kw>
<kw name="New Browser" library="Browser">
<arg>${BROWSER}</arg>
<arg>headless=false</arg>
<tag>BrowserControl</tag>
<tag>Setter</tag>
<doc>Create a new playwright Browser with specified options.</doc>
<msg timestamp="20230810 17:14:27.810" level="INFO">{"browser": "chromium", "headless": false, "devtools": false, "handleSIGHUP": true, "handleSIGINT": true, "handleSIGTERM": true, "slowMo": 0.0, "timeout": 30000.0, "deprecated_pos_args": [], "tracesDir": "C:\\Users\\Admin\\Desktop\\LearnRobotFramwork\\LearnSeleniumlibraryRobotframework\\browser\\traces\\dcd01a7b-aea7-4dce-927c-d58528bebb56"}</msg>
<msg timestamp="20230810 17:14:28.580" level="INFO">Successfully created browser with options: {"browser":"chromium","headless":false,"devtools":false,"handleSIGHUP":true,"handleSIGINT":true,"handleSIGTERM":true,"slowMo":0,"timeout":30000,"deprecated_pos_args":[],"tracesDir":"C:\\Users\\Admin\\Desktop\\LearnRobotFramwork\\LearnSeleniumlibraryRobotframework\\browser\\traces\\dcd01a7b-aea7-4dce-927c-d58528bebb56"}</msg>
<status status="PASS" starttime="20230810 17:14:27.809" endtime="20230810 17:14:28.580"/>
</kw>
<kw name="New Page" library="Browser">
<arg>${URL_DEFAULT}</arg>
<tag>BrowserControl</tag>
<tag>Setter</tag>
<doc>Open a new Page.</doc>
<msg timestamp="20230810 17:14:31.298" level="INFO">Successfully initialized new page object and opened url: http://localhost:4200</msg>
<msg timestamp="20230810 17:14:31.299" level="INFO">No context was open. New context was automatically opened when this page is created.</msg>
<status status="PASS" starttime="20230810 17:14:28.581" endtime="20230810 17:14:31.299"/>
</kw>
<kw name="Evaluate" library="BuiltIn">
<var>${STATE}</var>
<arg>json.loads('''{}''')</arg>
<arg>json</arg>
<doc>Evaluates the given expression in Python and returns the result.</doc>
<msg timestamp="20230810 17:14:31.300" level="INFO">${STATE} = {}</msg>
<status status="PASS" starttime="20230810 17:14:31.300" endtime="20230810 17:14:31.301"/>
</kw>
<status status="PASS" starttime="20230810 17:14:27.800" endtime="20230810 17:14:31.301"/>
</kw>
<kw name="When Background Happy paths">
<kw name="When Go to page create category post">
<kw name="When Login to admin" library="common">
<kw name="Enter &quot;email&quot; in &quot;Email&quot; with &quot;geneat.soft@gmail.com&quot;" library="common" sourcename="Enter &quot;${type}&quot; in &quot;${name}&quot; with &quot;${text}&quot;">
<kw name="Get Random Text" library="common">
<var>${text}</var>
<arg>${type}</arg>
<arg>${text}</arg>
<kw name="Set Variable" library="BuiltIn">
<var>${symbol}</var>
<arg>_RANDOM_</arg>
<doc>Returns the given values which can then be assigned to a variables.</doc>
<msg timestamp="20230810 17:14:31.333" level="INFO">${symbol} = _RANDOM_</msg>
<status status="PASS" starttime="20230810 17:14:31.332" endtime="20230810 17:14:31.333"/>
</kw>
<kw name="Set Variable" library="BuiltIn">
<var>${new_text}</var>
<doc>Returns the given values which can then be assigned to a variables.</doc>
<msg timestamp="20230810 17:14:31.334" level="INFO">${new_text} = </msg>
<status status="PASS" starttime="20230810 17:14:31.333" endtime="20230810 17:14:31.334"/>
</kw>
<kw name="Get Regexp Matches" library="String">
<var>${containsS}</var>
<arg>${text}</arg>
<arg>_@(.+)@_</arg>
<arg>1</arg>
<doc>Returns a list of all non-overlapping matches in the given string.</doc>
<msg timestamp="20230810 17:14:31.340" level="INFO">${containsS} = []</msg>
<status status="PASS" starttime="20230810 17:14:31.335" endtime="20230810 17:14:31.340"/>
</kw>
<kw name="Get Length" library="BuiltIn">
<var>${cntS}</var>
<arg>${containsS}</arg>
<doc>Returns and logs the length of the given item as an integer.</doc>
<msg timestamp="20230810 17:14:31.342" level="INFO">Length is 0</msg>
<msg timestamp="20230810 17:14:31.343" level="INFO">${cntS} = 0</msg>
<status status="PASS" starttime="20230810 17:14:31.341" endtime="20230810 17:14:31.346"/>
</kw>
<kw name="Get Regexp Matches" library="String">
<var>${contains}</var>
<arg>${text}</arg>
<arg>${symbol}</arg>
<doc>Returns a list of all non-overlapping matches in the given string.</doc>
<msg timestamp="20230810 17:14:31.347" level="INFO">${contains} = []</msg>
<status status="PASS" starttime="20230810 17:14:31.346" endtime="20230810 17:14:31.348"/>
</kw>
<kw name="Get Length" library="BuiltIn">
<var>${cnt}</var>
<arg>${contains}</arg>
<doc>Returns and logs the length of the given item as an integer.</doc>
<msg timestamp="20230810 17:14:31.349" level="INFO">Length is 0</msg>
<msg timestamp="20230810 17:14:31.349" level="INFO">${cnt} = 0</msg>
<status status="PASS" starttime="20230810 17:14:31.348" endtime="20230810 17:14:31.349"/>
</kw>
<if>
<branch type="IF" condition="${cntS} &gt; 0">
<kw name="Set Variable" library="BuiltIn">
<var>${new_text}</var>
<arg>${STATE["${containsS[0]}"]}</arg>
<doc>Returns the given values which can then be assigned to a variables.</doc>
<status status="NOT RUN" starttime="20230810 17:14:31.350" endtime="20230810 17:14:31.351"/>
</kw>
<kw name="Set Variable" library="BuiltIn">
<var>${symbol}</var>
<arg>_@${containsS[0]}@_</arg>
<doc>Returns the given values which can then be assigned to a variables.</doc>
<status status="NOT RUN" starttime="20230810 17:14:31.351" endtime="20230810 17:14:31.352"/>
</kw>
<status status="NOT RUN" starttime="20230810 17:14:31.350" endtime="20230810 17:14:31.352"/>
</branch>
<branch type="ELSE IF" condition="${cnt} &gt; 0 and '${type}' == 'test name'">
<kw name="Sentence" library="FakerLibrary">
<var>${random}</var>
<arg>nb_words=3</arg>
<doc>Generate a sentence.</doc>
<status status="NOT RUN" starttime="20230810 17:14:31.353" endtime="20230810 17:14:31.354"/>
</kw>
<kw name="Split String" library="String">
<var>${words}</var>
<arg>${TEST NAME}</arg>
<arg>${SPACE}</arg>
<doc>Splits the ``string`` using ``separator`` as a delimiter string.</doc>
<status status="NOT RUN" starttime="20230810 17:14:31.355" endtime="20230810 17:14:31.355"/>
</kw>
<kw name="Set Variable" library="BuiltIn">
<var>${new_text}</var>
<arg>${words[0]} ${random}</arg>
<doc>Returns the given values which can then be assigned to a variables.</doc>
<status status="NOT RUN" starttime="20230810 17:14:31.356" endtime="20230810 17:14:31.356"/>
</kw>
<status status="NOT RUN" starttime="20230810 17:14:31.353" endtime="20230810 17:14:31.357"/>
</branch>
<branch type="ELSE IF" condition="${cnt} &gt; 0 and '${type}' == 'number'">
<kw name="Random Int" library="FakerLibrary">
<var>${new_text}</var>
<doc>Generate a random integer between two integers ``min`` and ``max`` inclusive
while observing the provided ``step`` value.</doc>
<status status="NOT RUN" starttime="20230810 17:14:31.358" endtime="20230810 17:14:31.359"/>
</kw>
<kw name="Convert To String" library="BuiltIn">
<var>${new_text}</var>
<arg>${new_text}</arg>
<doc>Converts the given item to a Unicode string.</doc>
<status status="NOT RUN" starttime="20230810 17:14:31.369" endtime="20230810 17:14:31.370"/>
</kw>
<status status="NOT RUN" starttime="20230810 17:14:31.357" endtime="20230810 17:14:31.370"/>
</branch>
<branch type="ELSE IF" condition="${cnt} &gt; 0 and '${type}' == 'percentage'">
<kw name="Random Int" library="FakerLibrary">
<var>${new_text}</var>
<arg>max=100</arg>
<doc>Generate a random integer between two integers ``min`` and ``max`` inclusive
while observing the provided ``step`` value.</doc>
<status status="NOT RUN" starttime="20230810 17:14:31.371" endtime="20230810 17:14:31.371"/>
</kw>
<kw name="Convert To String" library="BuiltIn">
<var>${new_text}</var>
<arg>${new_text}</arg>
<doc>Converts the given item to a Unicode string.</doc>
<status status="NOT RUN" starttime="20230810 17:14:31.372" endtime="20230810 17:14:31.373"/>
</kw>
<status status="NOT RUN" starttime="20230810 17:14:31.371" endtime="20230810 17:14:31.373"/>
</branch>
<branch type="ELSE IF" condition="${cnt} &gt; 0 and '${type}' == 'paragraph'">
<kw name="Paragraph" library="FakerLibrary">
<var>${new_text}</var>
<doc>Generate a paragraph.</doc>
<status status="NOT RUN" starttime="20230810 17:14:31.375" endtime="20230810 17:14:31.376"/>
</kw>
<status status="NOT RUN" starttime="20230810 17:14:31.373" endtime="20230810 17:14:31.376"/>
</branch>
<branch type="ELSE IF" condition="${cnt} &gt; 0 and '${type}' == 'email'">
<kw name="Email" library="FakerLibrary">
<var>${new_text}</var>
<status status="NOT RUN" starttime="20230810 17:14:31.377" endtime="20230810 17:14:31.378"/>
</kw>
<status status="NOT RUN" starttime="20230810 17:14:31.377" endtime="20230810 17:14:31.378"/>
</branch>
<branch type="ELSE IF" condition="${cnt} &gt; 0 and '${type}' == 'phone'">
<kw name="Random Int" library="FakerLibrary">
<var>${new_text}</var>
<arg>min=55555555</arg>
<arg>max=999999999999</arg>
<doc>Generate a random integer between two integers ``min`` and ``max`` inclusive
while observing the provided ``step`` value.</doc>
<status status="NOT RUN" starttime="20230810 17:14:31.379" endtime="20230810 17:14:31.380"/>
</kw>
<kw name="Convert To String" library="BuiltIn">
<var>${new_text}</var>
<arg>${new_text}</arg>
<doc>Converts the given item to a Unicode string.</doc>
<status status="NOT RUN" starttime="20230810 17:14:31.380" endtime="20230810 17:14:31.380"/>
</kw>
<status status="NOT RUN" starttime="20230810 17:14:31.379" endtime="20230810 17:14:31.380"/>
</branch>
<branch type="ELSE IF" condition="${cnt} &gt; 0 and '${type}' == 'color'">
<kw name="Safe Hex Color" library="FakerLibrary">
<var>${new_text}</var>
<doc>Generate a web-safe color formatted as a hex triplet.</doc>
<status status="NOT RUN" starttime="20230810 17:14:31.382" endtime="20230810 17:14:31.382"/>
</kw>
<status status="NOT RUN" starttime="20230810 17:14:31.381" endtime="20230810 17:14:31.382"/>
</branch>
<branch type="ELSE IF" condition="${cnt} &gt; 0 and '${type}' == 'date'">
<kw name="Date" library="FakerLibrary">
<var>${new_text}</var>
<arg>pattern=%d-%m-%Y</arg>
<doc>Get a date string between January 1, 1970 and now.</doc>
<status status="NOT RUN" starttime="20230810 17:14:31.383" endtime="20230810 17:14:31.383"/>
</kw>
<status status="NOT RUN" starttime="20230810 17:14:31.383" endtime="20230810 17:14:31.394"/>
</branch>
<branch type="ELSE IF" condition="${cnt} &gt; 0 and '${type}' == 'word'">
<kw name="Sentence" library="FakerLibrary">
<var>${new_text}</var>
<arg>nb_words=2</arg>
<doc>Generate a sentence.</doc>
<status status="NOT RUN" starttime="20230810 17:14:31.410" endtime="20230810 17:14:31.410"/>
</kw>
<status status="NOT RUN" starttime="20230810 17:14:31.407" endtime="20230810 17:14:31.411"/>
</branch>
<branch type="ELSE IF" condition="${cnt} &gt; 0">
<kw name="Sentence" library="FakerLibrary">
<var>${new_text}</var>
<doc>Generate a sentence.</doc>
<status status="NOT RUN" starttime="20230810 17:14:31.412" endtime="20230810 17:14:31.412"/>
</kw>
<status status="NOT RUN" starttime="20230810 17:14:31.411" endtime="20230810 17:14:31.413"/>
</branch>
<status status="PASS" starttime="20230810 17:14:31.350" endtime="20230810 17:14:31.413"/>
</if>
<kw name="Get Length" library="BuiltIn">
<var>${cnt}</var>
<arg>${text}</arg>
<doc>Returns and logs the length of the given item as an integer.</doc>
<msg timestamp="20230810 17:14:31.414" level="INFO">Length is 21</msg>
<msg timestamp="20230810 17:14:31.414" level="INFO">${cnt} = 21</msg>
<status status="PASS" starttime="20230810 17:14:31.413" endtime="20230810 17:14:31.414"/>
</kw>
<if>
<branch type="IF" condition="${cnt} &gt; 0">
<kw name="Replace String" library="String">
<var>${text}</var>
<arg>${text}</arg>
<arg>${symbol}</arg>
<arg>${new_text}</arg>
<doc>Replaces ``search_for`` in the given ``string`` with ``replace_with``.</doc>
<msg timestamp="20230810 17:14:31.416" level="INFO">${text} = geneat.soft@gmail.com</msg>
<status status="PASS" starttime="20230810 17:14:31.415" endtime="20230810 17:14:31.417"/>
</kw>
<status status="PASS" starttime="20230810 17:14:31.415" endtime="20230810 17:14:31.417"/>
</branch>
<status status="PASS" starttime="20230810 17:14:31.414" endtime="20230810 17:14:31.417"/>
</if>
<return>
<value>${text}</value>
<status status="PASS" starttime="20230810 17:14:31.418" endtime="20230810 17:14:31.418"/>
</return>
<msg timestamp="20230810 17:14:31.419" level="INFO">${text} = geneat.soft@gmail.com</msg>
<status status="PASS" starttime="20230810 17:14:31.331" endtime="20230810 17:14:31.419"/>
</kw>
<kw name="Get Element Form Item By Name" library="common">
<var>${element}</var>
<arg>${name}</arg>
<arg>//input[contains(@class, "ant-input")]</arg>
<return>
<value>xpath=//*[contains(@class, "ant-form-item-label")]/label[text()="${name}"]/../../*[contains(@class, "ant-form-item")]${xpath}</value>
<status status="PASS" starttime="20230810 17:14:31.420" endtime="20230810 17:14:31.421"/>
</return>
<msg timestamp="20230810 17:14:31.423" level="INFO">${element} = xpath=//*[contains(@class, "ant-form-item-label")]/label[text()="Email"]/../../*[contains(@class, "ant-form-item")]//input[contains(@class, "ant-input")]</msg>
<status status="PASS" starttime="20230810 17:14:31.420" endtime="20230810 17:14:31.423"/>
</kw>
<kw name="Clear Text" library="Browser">
<arg>${element}</arg>
<tag>PageContent</tag>
<tag>Setter</tag>
<doc>Clears the text field found by ``selector``.</doc>
<status status="PASS" starttime="20230810 17:14:31.423" endtime="20230810 17:14:31.539"/>
</kw>
<kw name="Fill Text" library="Browser">
<arg>${element}</arg>
<arg>${text}</arg>
<arg>True</arg>
<tag>PageContent</tag>
<tag>Setter</tag>
<doc>Clears and fills the given ``txt`` into the text field found by ``selector``.</doc>
<msg timestamp="20230810 17:14:31.540" level="INFO">Fills the text 'geneat.soft@gmail.com' in the given field.</msg>
<status status="PASS" starttime="20230810 17:14:31.539" endtime="20230810 17:14:31.574"/>
</kw>
<kw name="Get Length" library="BuiltIn">
<var>${cnt}</var>
<arg>${text}</arg>
<doc>Returns and logs the length of the given item as an integer.</doc>
<msg timestamp="20230810 17:14:31.575" level="INFO">Length is 21</msg>
<msg timestamp="20230810 17:14:31.575" level="INFO">${cnt} = 21</msg>
<status status="PASS" starttime="20230810 17:14:31.574" endtime="20230810 17:14:31.575"/>
</kw>
<if>
<branch type="IF" condition="${cnt} &gt; 0">
<kw name="Set Global Variable" library="BuiltIn">
<arg>${STATE["${name}"]}</arg>
<arg>${text}</arg>
<doc>Makes a variable available globally in all tests and suites.</doc>
<msg timestamp="20230810 17:14:31.578" level="INFO">${STATE["Email"]} = geneat.soft@gmail.com</msg>
<status status="PASS" starttime="20230810 17:14:31.576" endtime="20230810 17:14:31.578"/>
</kw>
<status status="PASS" starttime="20230810 17:14:31.576" endtime="20230810 17:14:31.579"/>
</branch>
<status status="PASS" starttime="20230810 17:14:31.575" endtime="20230810 17:14:31.579"/>
</if>
<status status="PASS" starttime="20230810 17:14:31.330" endtime="20230810 17:14:31.579"/>
</kw>
<kw name="Enter &quot;text&quot; in &quot;Mật khẩu&quot; with &quot;123456&quot;" library="common" sourcename="Enter &quot;${type}&quot; in &quot;${name}&quot; with &quot;${text}&quot;">
<kw name="Get Random Text" library="common">
<var>${text}</var>
<arg>${type}</arg>
<arg>${text}</arg>
<kw name="Set Variable" library="BuiltIn">
<var>${symbol}</var>
<arg>_RANDOM_</arg>
<doc>Returns the given values which can then be assigned to a variables.</doc>
<msg timestamp="20230810 17:14:31.582" level="INFO">${symbol} = _RANDOM_</msg>
<status status="PASS" starttime="20230810 17:14:31.581" endtime="20230810 17:14:31.582"/>
</kw>
<kw name="Set Variable" library="BuiltIn">
<var>${new_text}</var>
<doc>Returns the given values which can then be assigned to a variables.</doc>
<msg timestamp="20230810 17:14:31.583" level="INFO">${new_text} = </msg>
<status status="PASS" starttime="20230810 17:14:31.583" endtime="20230810 17:14:31.584"/>
</kw>
<kw name="Get Regexp Matches" library="String">
<var>${containsS}</var>
<arg>${text}</arg>
<arg>_@(.+)@_</arg>
<arg>1</arg>
<doc>Returns a list of all non-overlapping matches in the given string.</doc>
<msg timestamp="20230810 17:14:31.584" level="INFO">${containsS} = []</msg>
<status status="PASS" starttime="20230810 17:14:31.584" endtime="20230810 17:14:31.585"/>
</kw>
<kw name="Get Length" library="BuiltIn">
<var>${cntS}</var>
<arg>${containsS}</arg>
<doc>Returns and logs the length of the given item as an integer.</doc>
<msg timestamp="20230810 17:14:31.586" level="INFO">Length is 0</msg>
<msg timestamp="20230810 17:14:31.586" level="INFO">${cntS} = 0</msg>
<status status="PASS" starttime="20230810 17:14:31.585" endtime="20230810 17:14:31.586"/>
</kw>
<kw name="Get Regexp Matches" library="String">
<var>${contains}</var>
<arg>${text}</arg>
<arg>${symbol}</arg>
<doc>Returns a list of all non-overlapping matches in the given string.</doc>
<msg timestamp="20230810 17:14:31.587" level="INFO">${contains} = []</msg>
<status status="PASS" starttime="20230810 17:14:31.586" endtime="20230810 17:14:31.587"/>
</kw>
<kw name="Get Length" library="BuiltIn">
<var>${cnt}</var>
<arg>${contains}</arg>
<doc>Returns and logs the length of the given item as an integer.</doc>
<msg timestamp="20230810 17:14:31.589" level="INFO">Length is 0</msg>
<msg timestamp="20230810 17:14:31.589" level="INFO">${cnt} = 0</msg>
<status status="PASS" starttime="20230810 17:14:31.588" endtime="20230810 17:14:31.589"/>
</kw>
<if>
<branch type="IF" condition="${cntS} &gt; 0">
<kw name="Set Variable" library="BuiltIn">
<var>${new_text}</var>
<arg>${STATE["${containsS[0]}"]}</arg>
<doc>Returns the given values which can then be assigned to a variables.</doc>
<status status="NOT RUN" starttime="20230810 17:14:31.590" endtime="20230810 17:14:31.590"/>
</kw>
<kw name="Set Variable" library="BuiltIn">
<var>${symbol}</var>
<arg>_@${containsS[0]}@_</arg>
<doc>Returns the given values which can then be assigned to a variables.</doc>
<status status="NOT RUN" starttime="20230810 17:14:31.591" endtime="20230810 17:14:31.591"/>
</kw>
<status status="NOT RUN" starttime="20230810 17:14:31.590" endtime="20230810 17:14:31.591"/>
</branch>
<branch type="ELSE IF" condition="${cnt} &gt; 0 and '${type}' == 'test name'">
<kw name="Sentence" library="FakerLibrary">
<var>${random}</var>
<arg>nb_words=3</arg>
<doc>Generate a sentence.</doc>
<status status="NOT RUN" starttime="20230810 17:14:31.593" endtime="20230810 17:14:31.593"/>
</kw>
<kw name="Split String" library="String">
<var>${words}</var>
<arg>${TEST NAME}</arg>
<arg>${SPACE}</arg>
<doc>Splits the ``string`` using ``separator`` as a delimiter string.</doc>
<status status="NOT RUN" starttime="20230810 17:14:31.593" endtime="20230810 17:14:31.594"/>
</kw>
<kw name="Set Variable" library="BuiltIn">
<var>${new_text}</var>
<arg>${words[0]} ${random}</arg>
<doc>Returns the given values which can then be assigned to a variables.</doc>
<status status="NOT RUN" starttime="20230810 17:14:31.594" endtime="20230810 17:14:31.595"/>
</kw>
<status status="NOT RUN" starttime="20230810 17:14:31.592" endtime="20230810 17:14:31.596"/>
</branch>
<branch type="ELSE IF" condition="${cnt} &gt; 0 and '${type}' == 'number'">
<kw name="Random Int" library="FakerLibrary">
<var>${new_text}</var>
<doc>Generate a random integer between two integers ``min`` and ``max`` inclusive
while observing the provided ``step`` value.</doc>
<status status="NOT RUN" starttime="20230810 17:14:31.598" endtime="20230810 17:14:31.598"/>
</kw>
<kw name="Convert To String" library="BuiltIn">
<var>${new_text}</var>
<arg>${new_text}</arg>
<doc>Converts the given item to a Unicode string.</doc>
<status status="NOT RUN" starttime="20230810 17:14:31.598" endtime="20230810 17:14:31.599"/>
</kw>
<status status="NOT RUN" starttime="20230810 17:14:31.597" endtime="20230810 17:14:31.599"/>
</branch>
<branch type="ELSE IF" condition="${cnt} &gt; 0 and '${type}' == 'percentage'">
<kw name="Random Int" library="FakerLibrary">
<var>${new_text}</var>
<arg>max=100</arg>
<doc>Generate a random integer between two integers ``min`` and ``max`` inclusive
while observing the provided ``step`` value.</doc>
<status status="NOT RUN" starttime="20230810 17:14:31.600" endtime="20230810 17:14:31.600"/>
</kw>
<kw name="Convert To String" library="BuiltIn">
<var>${new_text}</var>
<arg>${new_text}</arg>
<doc>Converts the given item to a Unicode string.</doc>
<status status="NOT RUN" starttime="20230810 17:14:31.601" endtime="20230810 17:14:31.601"/>
</kw>
<status status="NOT RUN" starttime="20230810 17:14:31.600" endtime="20230810 17:14:31.601"/>
</branch>
<branch type="ELSE IF" condition="${cnt} &gt; 0 and '${type}' == 'paragraph'">
<kw name="Paragraph" library="FakerLibrary">
<var>${new_text}</var>
<doc>Generate a paragraph.</doc>
<status status="NOT RUN" starttime="20230810 17:14:31.602" endtime="20230810 17:14:31.602"/>
</kw>
<status status="NOT RUN" starttime="20230810 17:14:31.602" endtime="20230810 17:14:31.603"/>
</branch>
<branch type="ELSE IF" condition="${cnt} &gt; 0 and '${type}' == 'email'">
<kw name="Email" library="FakerLibrary">
<var>${new_text}</var>
<status status="NOT RUN" starttime="20230810 17:14:31.604" endtime="20230810 17:14:31.604"/>
</kw>
<status status="NOT RUN" starttime="20230810 17:14:31.603" endtime="20230810 17:14:31.604"/>
</branch>
<branch type="ELSE IF" condition="${cnt} &gt; 0 and '${type}' == 'phone'">
<kw name="Random Int" library="FakerLibrary">
<var>${new_text}</var>
<arg>min=55555555</arg>
<arg>max=999999999999</arg>
<doc>Generate a random integer between two integers ``min`` and ``max`` inclusive
while observing the provided ``step`` value.</doc>
<status status="NOT RUN" starttime="20230810 17:14:31.605" endtime="20230810 17:14:31.605"/>
</kw>
<kw name="Convert To String" library="BuiltIn">
<var>${new_text}</var>
<arg>${new_text}</arg>
<doc>Converts the given item to a Unicode string.</doc>
<status status="NOT RUN" starttime="20230810 17:14:31.606" endtime="20230810 17:14:31.606"/>
</kw>
<status status="NOT RUN" starttime="20230810 17:14:31.605" endtime="20230810 17:14:31.606"/>
</branch>
<branch type="ELSE IF" condition="${cnt} &gt; 0 and '${type}' == 'color'">
<kw name="Safe Hex Color" library="FakerLibrary">
<var>${new_text}</var>
<doc>Generate a web-safe color formatted as a hex triplet.</doc>
<status status="NOT RUN" starttime="20230810 17:14:31.607" endtime="20230810 17:14:31.607"/>
</kw>
<status status="NOT RUN" starttime="20230810 17:14:31.607" endtime="20230810 17:14:31.608"/>
</branch>
<branch type="ELSE IF" condition="${cnt} &gt; 0 and '${type}' == 'date'">
<kw name="Date" library="FakerLibrary">
<var>${new_text}</var>
<arg>pattern=%d-%m-%Y</arg>
<doc>Get a date string between January 1, 1970 and now.</doc>
<status status="NOT RUN" starttime="20230810 17:14:31.609" endtime="20230810 17:14:31.610"/>
</kw>
<status status="NOT RUN" starttime="20230810 17:14:31.609" endtime="20230810 17:14:31.610"/>
</branch>
<branch type="ELSE IF" condition="${cnt} &gt; 0 and '${type}' == 'word'">
<kw name="Sentence" library="FakerLibrary">
<var>${new_text}</var>
<arg>nb_words=2</arg>
<doc>Generate a sentence.</doc>
<status status="NOT RUN" starttime="20230810 17:14:31.611" endtime="20230810 17:14:31.612"/>
</kw>
<status status="NOT RUN" starttime="20230810 17:14:31.611" endtime="20230810 17:14:31.612"/>
</branch>
<branch type="ELSE IF" condition="${cnt} &gt; 0">
<kw name="Sentence" library="FakerLibrary">
<var>${new_text}</var>
<doc>Generate a sentence.</doc>
<status status="NOT RUN" starttime="20230810 17:14:31.613" endtime="20230810 17:14:31.613"/>
</kw>
<status status="NOT RUN" starttime="20230810 17:14:31.612" endtime="20230810 17:14:31.614"/>
</branch>
<status status="PASS" starttime="20230810 17:14:31.589" endtime="20230810 17:14:31.614"/>
</if>
<kw name="Get Length" library="BuiltIn">
<var>${cnt}</var>
<arg>${text}</arg>
<doc>Returns and logs the length of the given item as an integer.</doc>
<msg timestamp="20230810 17:14:31.615" level="INFO">Length is 6</msg>
<msg timestamp="20230810 17:14:31.615" level="INFO">${cnt} = 6</msg>
<status status="PASS" starttime="20230810 17:14:31.614" endtime="20230810 17:14:31.615"/>
</kw>
<if>
<branch type="IF" condition="${cnt} &gt; 0">
<kw name="Replace String" library="String">
<var>${text}</var>
<arg>${text}</arg>
<arg>${symbol}</arg>
<arg>${new_text}</arg>
<doc>Replaces ``search_for`` in the given ``string`` with ``replace_with``.</doc>
<msg timestamp="20230810 17:14:31.617" level="INFO">${text} = 123456</msg>
<status status="PASS" starttime="20230810 17:14:31.616" endtime="20230810 17:14:31.617"/>
</kw>
<status status="PASS" starttime="20230810 17:14:31.615" endtime="20230810 17:14:31.617"/>
</branch>
<status status="PASS" starttime="20230810 17:14:31.615" endtime="20230810 17:14:31.618"/>
</if>
<return>
<value>${text}</value>
<status status="PASS" starttime="20230810 17:14:31.618" endtime="20230810 17:14:31.618"/>
</return>
<msg timestamp="20230810 17:14:31.619" level="INFO">${text} = 123456</msg>
<status status="PASS" starttime="20230810 17:14:31.581" endtime="20230810 17:14:31.619"/>
</kw>
<kw name="Get Element Form Item By Name" library="common">
<var>${element}</var>
<arg>${name}</arg>
<arg>//input[contains(@class, "ant-input")]</arg>
<return>
<value>xpath=//*[contains(@class, "ant-form-item-label")]/label[text()="${name}"]/../../*[contains(@class, "ant-form-item")]${xpath}</value>
<status status="PASS" starttime="20230810 17:14:31.620" endtime="20230810 17:14:31.620"/>
</return>
<msg timestamp="20230810 17:14:31.621" level="INFO">${element} = xpath=//*[contains(@class, "ant-form-item-label")]/label[text()="Mật khẩu"]/../../*[contains(@class, "ant-form-item")]//input[contains(@class, "ant-input")]</msg>
<status status="PASS" starttime="20230810 17:14:31.619" endtime="20230810 17:14:31.621"/>
</kw>
<kw name="Clear Text" library="Browser">
<arg>${element}</arg>
<tag>PageContent</tag>
<tag>Setter</tag>
<doc>Clears the text field found by ``selector``.</doc>
<status status="PASS" starttime="20230810 17:14:31.621" endtime="20230810 17:14:31.729"/>
</kw>
<kw name="Fill Text" library="Browser">
<arg>${element}</arg>
<arg>${text}</arg>
<arg>True</arg>
<tag>PageContent</tag>
<tag>Setter</tag>
<doc>Clears and fills the given ``txt`` into the text field found by ``selector``.</doc>
<msg timestamp="20230810 17:14:31.731" level="INFO">Fills the text '123456' in the given field.</msg>
<status status="PASS" starttime="20230810 17:14:31.730" endtime="20230810 17:14:31.756"/>
</kw>
<kw name="Get Length" library="BuiltIn">
<var>${cnt}</var>
<arg>${text}</arg>
<doc>Returns and logs the length of the given item as an integer.</doc>
<msg timestamp="20230810 17:14:31.758" level="INFO">Length is 6</msg>
<msg timestamp="20230810 17:14:31.758" level="INFO">${cnt} = 6</msg>
<status status="PASS" starttime="20230810 17:14:31.757" endtime="20230810 17:14:31.758"/>
</kw>
<if>
<branch type="IF" condition="${cnt} &gt; 0">
<kw name="Set Global Variable" library="BuiltIn">
<arg>${STATE["${name}"]}</arg>
<arg>${text}</arg>
<doc>Makes a variable available globally in all tests and suites.</doc>
<msg timestamp="20230810 17:14:31.761" level="INFO">${STATE["Mật khẩu"]} = 123456</msg>
<status status="PASS" starttime="20230810 17:14:31.759" endtime="20230810 17:14:31.761"/>
</kw>
<status status="PASS" starttime="20230810 17:14:31.759" endtime="20230810 17:14:31.762"/>
</branch>
<status status="PASS" starttime="20230810 17:14:31.758" endtime="20230810 17:14:31.762"/>
</if>
<status status="PASS" starttime="20230810 17:14:31.580" endtime="20230810 17:14:31.762"/>
</kw>
<kw name="Click &quot;Đăng nhập&quot; button" library="common" sourcename="Click &quot;${text}&quot; button">
<kw name="Click" library="Browser">
<arg>xpath=//button[@title = "${text}"]</arg>
<tag>PageContent</tag>
<tag>Setter</tag>
<doc>Simulates mouse click on the element found by ``selector``.</doc>
<status status="PASS" starttime="20230810 17:14:31.763" endtime="20230810 17:14:31.935"/>
</kw>
<kw name="Click Confirm To Action" library="common">
<kw name="Set Variable" library="BuiltIn">
<var>${element}</var>
<arg>xpath=//*[contains(@class, "ant-popover")]//*[contains(@class, "ant-btn-primary")]</arg>
<doc>Returns the given values which can then be assigned to a variables.</doc>
<msg timestamp="20230810 17:14:31.937" level="INFO">${element} = xpath=//*[contains(@class, "ant-popover")]//*[contains(@class, "ant-btn-primary")]</msg>
<status status="PASS" starttime="20230810 17:14:31.937" endtime="20230810 17:14:31.937"/>
</kw>
<kw name="Get Element Count" library="Browser">
<var>${count}</var>
<arg>${element}</arg>
<tag>Assertion</tag>
<tag>Getter</tag>
<tag>PageContent</tag>
<doc>Returns the count of elements found with ``selector``.</doc>
<msg timestamp="20230810 17:14:31.946" level="INFO">${count} = 0</msg>
<status status="PASS" starttime="20230810 17:14:31.938" endtime="20230810 17:14:31.946"/>
</kw>
<if>
<branch type="IF" condition="${count} &gt; 0">
<kw name="Click" library="Browser">
<arg>${element}</arg>
<tag>PageContent</tag>
<tag>Setter</tag>
<doc>Simulates mouse click on the element found by ``selector``.</doc>
<status status="NOT RUN" starttime="20230810 17:14:31.948" endtime="20230810 17:14:31.948"/>
</kw>
<kw name="Sleep" library="BuiltIn">
<arg>${SHOULD_TIMEOUT}</arg>
<doc>Pauses the test executed for the given time.</doc>
<status status="NOT RUN" starttime="20230810 17:14:31.948" endtime="20230810 17:14:31.949"/>
</kw>
<status status="NOT RUN" starttime="20230810 17:14:31.947" endtime="20230810 17:14:31.949"/>
</branch>
<status status="PASS" starttime="20230810 17:14:31.947" endtime="20230810 17:14:31.949"/>
</if>
<status status="PASS" starttime="20230810 17:14:31.936" endtime="20230810 17:14:31.949"/>
</kw>
<kw name="Scroll By" library="Browser">
<arg>${None}</arg>
<tag>PageContent</tag>
<tag>Setter</tag>
<doc>Scrolls an element or the page relative from current position by the given values.</doc>
<status status="PASS" starttime="20230810 17:14:31.950" endtime="20230810 17:14:32.031"/>
</kw>
<status status="PASS" starttime="20230810 17:14:31.763" endtime="20230810 17:14:32.032"/>
</kw>
<kw name="User look message &quot;Success&quot; popup" library="common" sourcename="User look message &quot;${message}&quot; popup">
<kw name="Get Regexp Matches" library="String">
<var>${contains}</var>
<arg>${message}</arg>
<arg>_@(.+)@_</arg>
<arg>1</arg>
<doc>Returns a list of all non-overlapping matches in the given string.</doc>
<msg timestamp="20230810 17:14:32.033" level="INFO">${contains} = []</msg>
<status status="PASS" starttime="20230810 17:14:32.033" endtime="20230810 17:14:32.034"/>
</kw>
<kw name="Get Length" library="BuiltIn">
<var>${cnt}</var>
<arg>${contains}</arg>
<doc>Returns and logs the length of the given item as an integer.</doc>
<msg timestamp="20230810 17:14:32.035" level="INFO">Length is 0</msg>
<msg timestamp="20230810 17:14:32.035" level="INFO">${cnt} = 0</msg>
<status status="PASS" starttime="20230810 17:14:32.034" endtime="20230810 17:14:32.035"/>
</kw>
<if>
<branch type="IF" condition="${cnt} &gt; 0">
<kw name="Replace String" library="String">
<var>${message}</var>
<arg>${message}</arg>
<arg>_@${contains[0]}@_</arg>
<arg>${STATE["${contains[0]}"]}</arg>
<doc>Replaces ``search_for`` in the given ``string`` with ``replace_with``.</doc>
<status status="NOT RUN" starttime="20230810 17:14:32.036" endtime="20230810 17:14:32.037"/>
</kw>
<status status="NOT RUN" starttime="20230810 17:14:32.036" endtime="20230810 17:14:32.037"/>
</branch>
<status status="PASS" starttime="20230810 17:14:32.036" endtime="20230810 17:14:32.037"/>
</if>
<kw name="Element Text Should Be" library="common">
<arg>id=swal2-html-container</arg>
<arg>${message}</arg>
<kw name="Get Text" library="Browser">
<arg>${locator}</arg>
<arg>equal</arg>
<arg>${expected}</arg>
<arg>${message}</arg>
<tag>Assertion</tag>
<tag>Getter</tag>
<tag>PageContent</tag>
<doc>Returns text attribute of the element found by ``selector``.</doc>
<msg timestamp="20230810 17:14:32.370" level="INFO">Text: 'Success'</msg>
<status status="PASS" starttime="20230810 17:14:32.040" endtime="20230810 17:14:32.370"/>
</kw>
<status status="PASS" starttime="20230810 17:14:32.038" endtime="20230810 17:14:32.370"/>
</kw>
<kw name="Set Variable" library="BuiltIn">
<var>${element}</var>
<arg>xpath=//*[contains(@class, "swal2-confirm")]</arg>
<doc>Returns the given values which can then be assigned to a variables.</doc>
<msg timestamp="20230810 17:14:32.372" level="INFO">${element} = xpath=//*[contains(@class, "swal2-confirm")]</msg>
<status status="PASS" starttime="20230810 17:14:32.371" endtime="20230810 17:14:32.373"/>
</kw>
<kw name="Run Keyword And Return Status" library="BuiltIn">
<var>${passed}</var>
<arg>Element Should Be Visible</arg>
<arg>${element}</arg>
<doc>Runs the given keyword with given arguments and returns the status as a Boolean value.</doc>
<kw name="Element Should Be Visible" library="common">
<arg>${element}</arg>
<kw name="Wait For Elements State" library="Browser">
<arg>${locator}</arg>
<arg>visible</arg>
<arg>${timeout}</arg>
<arg>${message}</arg>
<tag>PageContent</tag>
<tag>Wait</tag>
<doc>Waits for the element found by ``selector`` to satisfy state option.</doc>
<msg timestamp="20230810 17:14:32.680" level="INFO" html="true">&lt;/td&gt;&lt;/tr&gt;&lt;tr&gt;&lt;td colspan="3"&gt;&lt;a href="browser/screenshot/fail-screenshot-1.png" target="_blank"&gt;&lt;img src="browser/screenshot/fail-screenshot-1.png" width="800px"/&gt;&lt;/a&gt;</msg>
<msg timestamp="20230810 17:14:32.680" level="INFO">See also file:///C:/Users/Admin/Desktop/LearnRobotFramwork/LearnSeleniumlibraryRobotframework/playwright-log.txt for additional details.</msg>
<msg timestamp="20230810 17:14:32.681" level="FAIL">TimeoutError: locator.waitFor: Timeout 100ms exceeded.
=========================== logs ===========================
waiting for locator('xpath=//*[contains(@class, "swal2-confirm")]') to be visible
  locator resolved to hidden &lt;button type="button" aria-label="" class="swal2-confirm…&gt;OK&lt;/button&gt;
  locator resolved to hidden &lt;button type="button" aria-label="" class="swal2-confirm…&gt;OK&lt;/button&gt;
  locator resolved to hidden &lt;button type="button" aria-label="" class="swal2-confirm…&gt;OK&lt;/button&gt;
============================================================
Tip: Use "Set Browser Timeout" for increasing the timeout or double check your locator as the targeted element(s) couldn't be found.</msg>
<status status="FAIL" starttime="20230810 17:14:32.376" endtime="20230810 17:14:32.684"/>
</kw>
<status status="FAIL" starttime="20230810 17:14:32.374" endtime="20230810 17:14:32.687"/>
</kw>
<msg timestamp="20230810 17:14:32.688" level="INFO">${passed} = False</msg>
<status status="PASS" starttime="20230810 17:14:32.373" endtime="20230810 17:14:32.688"/>
</kw>
<if>
<branch type="IF" condition="'${passed}' == 'True'">
<kw name="Click" library="Browser">
<arg>${element}</arg>
<tag>PageContent</tag>
<tag>Setter</tag>
<doc>Simulates mouse click on the element found by ``selector``.</doc>
<status status="NOT RUN" starttime="20230810 17:14:32.689" endtime="20230810 17:14:32.689"/>
</kw>
<status status="NOT RUN" starttime="20230810 17:14:32.688" endtime="20230810 17:14:32.689"/>
</branch>
<status status="PASS" starttime="20230810 17:14:32.688" endtime="20230810 17:14:32.690"/>
</if>
<kw name="Wait Until Element Spin" library="common">
<kw name="Sleep" library="BuiltIn">
<arg>${SHOULD_TIMEOUT}</arg>
<doc>Pauses the test executed for the given time.</doc>
<msg timestamp="20230810 17:14:32.801" level="INFO">Slept 100 milliseconds</msg>
<status status="PASS" starttime="20230810 17:14:32.691" endtime="20230810 17:14:32.801"/>
</kw>
<kw name="Set Variable" library="BuiltIn">
<var>${element}</var>
<arg>xpath=//*[contains(@class, "ant-spin-spinning")]</arg>
<doc>Returns the given values which can then be assigned to a variables.</doc>
<msg timestamp="20230810 17:14:32.803" level="INFO">${element} = xpath=//*[contains(@class, "ant-spin-spinning")]</msg>
<status status="PASS" starttime="20230810 17:14:32.803" endtime="20230810 17:14:32.804"/>
</kw>
<kw name="Get Element Count" library="Browser">
<var>${count}</var>
<arg>${element}</arg>
<tag>Assertion</tag>
<tag>Getter</tag>
<tag>PageContent</tag>
<doc>Returns the count of elements found with ``selector``.</doc>
<msg timestamp="20230810 17:14:32.817" level="INFO">${count} = 0</msg>
<status status="PASS" starttime="20230810 17:14:32.804" endtime="20230810 17:14:32.818"/>
</kw>
<if>
<branch type="IF" condition="${count} &gt; 0">
<kw name="Wait Until Element Is Not Exist" library="common">
<arg>${element}</arg>
<status status="NOT RUN" starttime="20230810 17:14:32.820" endtime="20230810 17:14:32.820"/>
</kw>
<status status="NOT RUN" starttime="20230810 17:14:32.819" endtime="20230810 17:14:32.820"/>
</branch>
<status status="PASS" starttime="20230810 17:14:32.819" endtime="20230810 17:14:32.821"/>
</if>
<status status="PASS" starttime="20230810 17:14:32.690" endtime="20230810 17:14:32.821"/>
</kw>
<status status="PASS" starttime="20230810 17:14:32.032" endtime="20230810 17:14:32.821"/>
</kw>
<status status="PASS" starttime="20230810 17:14:31.328" endtime="20230810 17:14:32.822"/>
</kw>
<kw name="When Click &quot;QUẢN LÝ DANH MỤC&quot; menu" library="common" sourcename="Click &quot;${text}&quot; menu">
<kw name="Click" library="Browser">
<arg>xpath=//li[contains(@class, "menu") and descendant::span[contains(text(), "${text}")]]</arg>
<tag>PageContent</tag>
<tag>Setter</tag>
<doc>Simulates mouse click on the element found by ``selector``.</doc>
<status status="PASS" starttime="20230810 17:14:32.823" endtime="20230810 17:14:34.370"/>
</kw>
<status status="PASS" starttime="20230810 17:14:32.822" endtime="20230810 17:14:34.371"/>
</kw>
<kw name="When Click &quot;Post&quot; sub menu to &quot;/vn/post&quot;" library="common" sourcename="Click &quot;${text}&quot; sub menu to &quot;${url}&quot;">
<kw name="Wait Until Element Spin" library="common">
<kw name="Sleep" library="BuiltIn">
<arg>${SHOULD_TIMEOUT}</arg>
<doc>Pauses the test executed for the given time.</doc>
<msg timestamp="20230810 17:14:34.483" level="INFO">Slept 100 milliseconds</msg>
<status status="PASS" starttime="20230810 17:14:34.378" endtime="20230810 17:14:34.484"/>
</kw>
<kw name="Set Variable" library="BuiltIn">
<var>${element}</var>
<arg>xpath=//*[contains(@class, "ant-spin-spinning")]</arg>
<doc>Returns the given values which can then be assigned to a variables.</doc>
<msg timestamp="20230810 17:14:34.487" level="INFO">${element} = xpath=//*[contains(@class, "ant-spin-spinning")]</msg>
<status status="PASS" starttime="20230810 17:14:34.485" endtime="20230810 17:14:34.487"/>
</kw>
<kw name="Get Element Count" library="Browser">
<var>${count}</var>
<arg>${element}</arg>
<tag>Assertion</tag>
<tag>Getter</tag>
<tag>PageContent</tag>
<doc>Returns the count of elements found with ``selector``.</doc>
<msg timestamp="20230810 17:14:34.504" level="INFO">${count} = 0</msg>
<status status="PASS" starttime="20230810 17:14:34.489" endtime="20230810 17:14:34.505"/>
</kw>
<if>
<branch type="IF" condition="${count} &gt; 0">
<kw name="Wait Until Element Is Not Exist" library="common">
<arg>${element}</arg>
<status status="NOT RUN" starttime="20230810 17:14:34.508" endtime="20230810 17:14:34.509"/>
</kw>
<status status="NOT RUN" starttime="20230810 17:14:34.507" endtime="20230810 17:14:34.510"/>
</branch>
<status status="PASS" starttime="20230810 17:14:34.506" endtime="20230810 17:14:34.511"/>
</if>
<status status="PASS" starttime="20230810 17:14:34.376" endtime="20230810 17:14:34.512"/>
</kw>
<kw name="Click" library="Browser">
<arg>xpath=//a[contains(@class, "sub-menu") and descendant::span[contains(text(), "${text}")]]</arg>
<tag>PageContent</tag>
<tag>Setter</tag>
<doc>Simulates mouse click on the element found by ``selector``.</doc>
<status status="PASS" starttime="20230810 17:14:34.513" endtime="20230810 17:14:34.743"/>
</kw>
<kw name="Get Url" library="Browser">
<var>${curent_url}</var>
<tag>Assertion</tag>
<tag>Getter</tag>
<tag>PageContent</tag>
<doc>Returns the current URL.</doc>
<msg timestamp="20230810 17:14:34.746" level="INFO">${curent_url} = http://localhost:4200/vn/posts?filter=%7B%22categoryId%22:%2251f7f20d-1412-406f-a26d-e3b837a577f8%22%7D</msg>
<status status="PASS" starttime="20230810 17:14:34.743" endtime="20230810 17:14:34.747"/>
</kw>
<kw name="Should Contain" library="BuiltIn">
<arg>${curent_url}</arg>
<arg>${URL_DEFAULT}${url}</arg>
<doc>Fails if ``container`` does not contain ``item`` one or more times.</doc>
<status status="PASS" starttime="20230810 17:14:34.747" endtime="20230810 17:14:34.748"/>
</kw>
<status status="PASS" starttime="20230810 17:14:34.373" endtime="20230810 17:14:34.748"/>
</kw>
<kw name="When Click &quot;Tạo mới&quot; button" library="common" sourcename="Click &quot;${text}&quot; button">
<kw name="Click" library="Browser">
<arg>xpath=//button[@title = "${text}"]</arg>
<tag>PageContent</tag>
<tag>Setter</tag>
<doc>Simulates mouse click on the element found by ``selector``.</doc>
<status status="PASS" starttime="20230810 17:14:34.750" endtime="20230810 17:14:34.901"/>
</kw>
<kw name="Click Confirm To Action" library="common">
<kw name="Set Variable" library="BuiltIn">
<var>${element}</var>
<arg>xpath=//*[contains(@class, "ant-popover")]//*[contains(@class, "ant-btn-primary")]</arg>
<doc>Returns the given values which can then be assigned to a variables.</doc>
<msg timestamp="20230810 17:14:34.902" level="INFO">${element} = xpath=//*[contains(@class, "ant-popover")]//*[contains(@class, "ant-btn-primary")]</msg>
<status status="PASS" starttime="20230810 17:14:34.902" endtime="20230810 17:14:34.903"/>
</kw>
<kw name="Get Element Count" library="Browser">
<var>${count}</var>
<arg>${element}</arg>
<tag>Assertion</tag>
<tag>Getter</tag>
<tag>PageContent</tag>
<doc>Returns the count of elements found with ``selector``.</doc>
<msg timestamp="20230810 17:14:34.910" level="INFO">${count} = 0</msg>
<status status="PASS" starttime="20230810 17:14:34.903" endtime="20230810 17:14:34.910"/>
</kw>
<if>
<branch type="IF" condition="${count} &gt; 0">
<kw name="Click" library="Browser">
<arg>${element}</arg>
<tag>PageContent</tag>
<tag>Setter</tag>
<doc>Simulates mouse click on the element found by ``selector``.</doc>
<status status="NOT RUN" starttime="20230810 17:14:34.912" endtime="20230810 17:14:34.913"/>
</kw>
<kw name="Sleep" library="BuiltIn">
<arg>${SHOULD_TIMEOUT}</arg>
<doc>Pauses the test executed for the given time.</doc>
<status status="NOT RUN" starttime="20230810 17:14:34.913" endtime="20230810 17:14:34.913"/>
</kw>
<status status="NOT RUN" starttime="20230810 17:14:34.911" endtime="20230810 17:14:34.914"/>
</branch>
<status status="PASS" starttime="20230810 17:14:34.911" endtime="20230810 17:14:34.914"/>
</if>
<status status="PASS" starttime="20230810 17:14:34.901" endtime="20230810 17:14:34.914"/>
</kw>
<kw name="Scroll By" library="Browser">
<arg>${None}</arg>
<tag>PageContent</tag>
<tag>Setter</tag>
<doc>Scrolls an element or the page relative from current position by the given values.</doc>
<status status="PASS" starttime="20230810 17:14:34.914" endtime="20230810 17:14:34.941"/>
</kw>
<status status="PASS" starttime="20230810 17:14:34.749" endtime="20230810 17:14:34.941"/>
</kw>
<status status="PASS" starttime="20230810 17:14:31.327" endtime="20230810 17:14:34.942"/>
</kw>
<kw name="When Enter &quot;test name&quot; in &quot;Tiêu đề&quot; with &quot;_RANDOM_&quot;" library="common" sourcename="Enter &quot;${type}&quot; in &quot;${name}&quot; with &quot;${text}&quot;">
<kw name="Get Random Text" library="common">
<var>${text}</var>
<arg>${type}</arg>
<arg>${text}</arg>
<kw name="Set Variable" library="BuiltIn">
<var>${symbol}</var>
<arg>_RANDOM_</arg>
<doc>Returns the given values which can then be assigned to a variables.</doc>
<msg timestamp="20230810 17:14:34.944" level="INFO">${symbol} = _RANDOM_</msg>
<status status="PASS" starttime="20230810 17:14:34.944" endtime="20230810 17:14:34.944"/>
</kw>
<kw name="Set Variable" library="BuiltIn">
<var>${new_text}</var>
<doc>Returns the given values which can then be assigned to a variables.</doc>
<msg timestamp="20230810 17:14:34.945" level="INFO">${new_text} = </msg>
<status status="PASS" starttime="20230810 17:14:34.945" endtime="20230810 17:14:34.945"/>
</kw>
<kw name="Get Regexp Matches" library="String">
<var>${containsS}</var>
<arg>${text}</arg>
<arg>_@(.+)@_</arg>
<arg>1</arg>
<doc>Returns a list of all non-overlapping matches in the given string.</doc>
<msg timestamp="20230810 17:14:34.946" level="INFO">${containsS} = []</msg>
<status status="PASS" starttime="20230810 17:14:34.946" endtime="20230810 17:14:34.946"/>
</kw>
<kw name="Get Length" library="BuiltIn">
<var>${cntS}</var>
<arg>${containsS}</arg>
<doc>Returns and logs the length of the given item as an integer.</doc>
<msg timestamp="20230810 17:14:34.947" level="INFO">Length is 0</msg>
<msg timestamp="20230810 17:14:34.947" level="INFO">${cntS} = 0</msg>
<status status="PASS" starttime="20230810 17:14:34.947" endtime="20230810 17:14:34.948"/>
</kw>
<kw name="Get Regexp Matches" library="String">
<var>${contains}</var>
<arg>${text}</arg>
<arg>${symbol}</arg>
<doc>Returns a list of all non-overlapping matches in the given string.</doc>
<msg timestamp="20230810 17:14:34.948" level="INFO">${contains} = ['_RANDOM_']</msg>
<status status="PASS" starttime="20230810 17:14:34.948" endtime="20230810 17:14:34.949"/>
</kw>
<kw name="Get Length" library="BuiltIn">
<var>${cnt}</var>
<arg>${contains}</arg>
<doc>Returns and logs the length of the given item as an integer.</doc>
<msg timestamp="20230810 17:14:34.950" level="INFO">Length is 1</msg>
<msg timestamp="20230810 17:14:34.950" level="INFO">${cnt} = 1</msg>
<status status="PASS" starttime="20230810 17:14:34.949" endtime="20230810 17:14:34.950"/>
</kw>
<if>
<branch type="IF" condition="${cntS} &gt; 0">
<kw name="Set Variable" library="BuiltIn">
<var>${new_text}</var>
<arg>${STATE["${containsS[0]}"]}</arg>
<doc>Returns the given values which can then be assigned to a variables.</doc>
<status status="NOT RUN" starttime="20230810 17:14:34.951" endtime="20230810 17:14:34.951"/>
</kw>
<kw name="Set Variable" library="BuiltIn">
<var>${symbol}</var>
<arg>_@${containsS[0]}@_</arg>
<doc>Returns the given values which can then be assigned to a variables.</doc>
<status status="NOT RUN" starttime="20230810 17:14:34.951" endtime="20230810 17:14:34.952"/>
</kw>
<status status="NOT RUN" starttime="20230810 17:14:34.950" endtime="20230810 17:14:34.952"/>
</branch>
<branch type="ELSE IF" condition="${cnt} &gt; 0 and '${type}' == 'test name'">
<kw name="Sentence" library="FakerLibrary">
<var>${random}</var>
<arg>nb_words=3</arg>
<doc>Generate a sentence.</doc>
<msg timestamp="20230810 17:14:34.954" level="INFO">${random} = Quis nobis.</msg>
<status status="PASS" starttime="20230810 17:14:34.953" endtime="20230810 17:14:34.954"/>
</kw>
<kw name="Split String" library="String">
<var>${words}</var>
<arg>${TEST NAME}</arg>
<arg>${SPACE}</arg>
<doc>Splits the ``string`` using ``separator`` as a delimiter string.</doc>
<msg timestamp="20230810 17:14:34.956" level="INFO">${words} = ['CA_PO_04', 'Verify', 'that', 'edit', 'successfully']</msg>
<status status="PASS" starttime="20230810 17:14:34.955" endtime="20230810 17:14:34.956"/>
</kw>
<kw name="Set Variable" library="BuiltIn">
<var>${new_text}</var>
<arg>${words[0]} ${random}</arg>
<doc>Returns the given values which can then be assigned to a variables.</doc>
<msg timestamp="20230810 17:14:34.959" level="INFO">${new_text} = CA_PO_04 Quis nobis.</msg>
<status status="PASS" starttime="20230810 17:14:34.957" endtime="20230810 17:14:34.959"/>
</kw>
<status status="PASS" starttime="20230810 17:14:34.953" endtime="20230810 17:14:34.959"/>
</branch>
<branch type="ELSE IF" condition="${cnt} &gt; 0 and '${type}' == 'number'">
<kw name="Random Int" library="FakerLibrary">
<var>${new_text}</var>
<doc>Generate a random integer between two integers ``min`` and ``max`` inclusive
while observing the provided ``step`` value.</doc>
<status status="NOT RUN" starttime="20230810 17:14:34.960" endtime="20230810 17:14:34.960"/>
</kw>
<kw name="Convert To String" library="BuiltIn">
<var>${new_text}</var>
<arg>${new_text}</arg>
<doc>Converts the given item to a Unicode string.</doc>
<status status="NOT RUN" starttime="20230810 17:14:34.960" endtime="20230810 17:14:34.961"/>
</kw>
<status status="NOT RUN" starttime="20230810 17:14:34.960" endtime="20230810 17:14:34.961"/>
</branch>
<branch type="ELSE IF" condition="${cnt} &gt; 0 and '${type}' == 'percentage'">
<kw name="Random Int" library="FakerLibrary">
<var>${new_text}</var>
<arg>max=100</arg>
<doc>Generate a random integer between two integers ``min`` and ``max`` inclusive
while observing the provided ``step`` value.</doc>
<status status="NOT RUN" starttime="20230810 17:14:34.962" endtime="20230810 17:14:34.962"/>
</kw>
<kw name="Convert To String" library="BuiltIn">
<var>${new_text}</var>
<arg>${new_text}</arg>
<doc>Converts the given item to a Unicode string.</doc>
<status status="NOT RUN" starttime="20230810 17:14:34.962" endtime="20230810 17:14:34.962"/>
</kw>
<status status="NOT RUN" starttime="20230810 17:14:34.961" endtime="20230810 17:14:34.963"/>
</branch>
<branch type="ELSE IF" condition="${cnt} &gt; 0 and '${type}' == 'paragraph'">
<kw name="Paragraph" library="FakerLibrary">
<var>${new_text}</var>
<doc>Generate a paragraph.</doc>
<status status="NOT RUN" starttime="20230810 17:14:34.963" endtime="20230810 17:14:34.964"/>
</kw>
<status status="NOT RUN" starttime="20230810 17:14:34.963" endtime="20230810 17:14:34.964"/>
</branch>
<branch type="ELSE IF" condition="${cnt} &gt; 0 and '${type}' == 'email'">
<kw name="Email" library="FakerLibrary">
<var>${new_text}</var>
<status status="NOT RUN" starttime="20230810 17:14:34.964" endtime="20230810 17:14:34.965"/>
</kw>
<status status="NOT RUN" starttime="20230810 17:14:34.964" endtime="20230810 17:14:34.965"/>
</branch>
<branch type="ELSE IF" condition="${cnt} &gt; 0 and '${type}' == 'phone'">
<kw name="Random Int" library="FakerLibrary">
<var>${new_text}</var>
<arg>min=55555555</arg>
<arg>max=999999999999</arg>
<doc>Generate a random integer between two integers ``min`` and ``max`` inclusive
while observing the provided ``step`` value.</doc>
<status status="NOT RUN" starttime="20230810 17:14:34.965" endtime="20230810 17:14:34.966"/>
</kw>
<kw name="Convert To String" library="BuiltIn">
<var>${new_text}</var>
<arg>${new_text}</arg>
<doc>Converts the given item to a Unicode string.</doc>
<status status="NOT RUN" starttime="20230810 17:14:34.966" endtime="20230810 17:14:34.966"/>
</kw>
<status status="NOT RUN" starttime="20230810 17:14:34.965" endtime="20230810 17:14:34.967"/>
</branch>
<branch type="ELSE IF" condition="${cnt} &gt; 0 and '${type}' == 'color'">
<kw name="Safe Hex Color" library="FakerLibrary">
<var>${new_text}</var>
<doc>Generate a web-safe color formatted as a hex triplet.</doc>
<status status="NOT RUN" starttime="20230810 17:14:34.967" endtime="20230810 17:14:34.968"/>
</kw>
<status status="NOT RUN" starttime="20230810 17:14:34.967" endtime="20230810 17:14:34.968"/>
</branch>
<branch type="ELSE IF" condition="${cnt} &gt; 0 and '${type}' == 'date'">
<kw name="Date" library="FakerLibrary">
<var>${new_text}</var>
<arg>pattern=%d-%m-%Y</arg>
<doc>Get a date string between January 1, 1970 and now.</doc>
<status status="NOT RUN" starttime="20230810 17:14:34.969" endtime="20230810 17:14:34.969"/>
</kw>
<status status="NOT RUN" starttime="20230810 17:14:34.968" endtime="20230810 17:14:34.970"/>
</branch>
<branch type="ELSE IF" condition="${cnt} &gt; 0 and '${type}' == 'word'">
<kw name="Sentence" library="FakerLibrary">
<var>${new_text}</var>
<arg>nb_words=2</arg>
<doc>Generate a sentence.</doc>
<status status="NOT RUN" starttime="20230810 17:14:34.970" endtime="20230810 17:14:34.971"/>
</kw>
<status status="NOT RUN" starttime="20230810 17:14:34.970" endtime="20230810 17:14:34.971"/>
</branch>
<branch type="ELSE IF" condition="${cnt} &gt; 0">
<kw name="Sentence" library="FakerLibrary">
<var>${new_text}</var>
<doc>Generate a sentence.</doc>
<status status="NOT RUN" starttime="20230810 17:14:34.971" endtime="20230810 17:14:34.972"/>
</kw>
<status status="NOT RUN" starttime="20230810 17:14:34.971" endtime="20230810 17:14:34.972"/>
</branch>
<status status="PASS" starttime="20230810 17:14:34.950" endtime="20230810 17:14:34.972"/>
</if>
<kw name="Get Length" library="BuiltIn">
<var>${cnt}</var>
<arg>${text}</arg>
<doc>Returns and logs the length of the given item as an integer.</doc>
<msg timestamp="20230810 17:14:34.973" level="INFO">Length is 8</msg>
<msg timestamp="20230810 17:14:34.973" level="INFO">${cnt} = 8</msg>
<status status="PASS" starttime="20230810 17:14:34.973" endtime="20230810 17:14:34.974"/>
</kw>
<if>
<branch type="IF" condition="${cnt} &gt; 0">
<kw name="Replace String" library="String">
<var>${text}</var>
<arg>${text}</arg>
<arg>${symbol}</arg>
<arg>${new_text}</arg>
<doc>Replaces ``search_for`` in the given ``string`` with ``replace_with``.</doc>
<msg timestamp="20230810 17:14:34.975" level="INFO">${text} = CA_PO_04 Quis nobis.</msg>
<status status="PASS" starttime="20230810 17:14:34.975" endtime="20230810 17:14:34.975"/>
</kw>
<status status="PASS" starttime="20230810 17:14:34.974" endtime="20230810 17:14:34.976"/>
</branch>
<status status="PASS" starttime="20230810 17:14:34.974" endtime="20230810 17:14:34.976"/>
</if>
<return>
<value>${text}</value>
<status status="PASS" starttime="20230810 17:14:34.976" endtime="20230810 17:14:34.976"/>
</return>
<msg timestamp="20230810 17:14:34.977" level="INFO">${text} = CA_PO_04 Quis nobis.</msg>
<status status="PASS" starttime="20230810 17:14:34.943" endtime="20230810 17:14:34.977"/>
</kw>
<kw name="Get Element Form Item By Name" library="common">
<var>${element}</var>
<arg>${name}</arg>
<arg>//input[contains(@class, "ant-input")]</arg>
<return>
<value>xpath=//*[contains(@class, "ant-form-item-label")]/label[text()="${name}"]/../../*[contains(@class, "ant-form-item")]${xpath}</value>
<status status="PASS" starttime="20230810 17:14:34.978" endtime="20230810 17:14:34.978"/>
</return>
<msg timestamp="20230810 17:14:34.978" level="INFO">${element} = xpath=//*[contains(@class, "ant-form-item-label")]/label[text()="Tiêu đề"]/../../*[contains(@class, "ant-form-item")]//input[contains(@class, "ant-input")]</msg>
<status status="PASS" starttime="20230810 17:14:34.977" endtime="20230810 17:14:34.979"/>
</kw>
<kw name="Clear Text" library="Browser">
<arg>${element}</arg>
<tag>PageContent</tag>
<tag>Setter</tag>
<doc>Clears the text field found by ``selector``.</doc>
<status status="PASS" starttime="20230810 17:14:34.979" endtime="20230810 17:14:35.011"/>
</kw>
<kw name="Fill Text" library="Browser">
<arg>${element}</arg>
<arg>${text}</arg>
<arg>True</arg>
<tag>PageContent</tag>
<tag>Setter</tag>
<doc>Clears and fills the given ``txt`` into the text field found by ``selector``.</doc>
<msg timestamp="20230810 17:14:35.012" level="INFO">Fills the text 'CA_PO_04 Quis nobis.' in the given field.</msg>
<status status="PASS" starttime="20230810 17:14:35.011" endtime="20230810 17:14:35.037"/>
</kw>
<kw name="Get Length" library="BuiltIn">
<var>${cnt}</var>
<arg>${text}</arg>
<doc>Returns and logs the length of the given item as an integer.</doc>
<msg timestamp="20230810 17:14:35.039" level="INFO">Length is 20</msg>
<msg timestamp="20230810 17:14:35.039" level="INFO">${cnt} = 20</msg>
<status status="PASS" starttime="20230810 17:14:35.038" endtime="20230810 17:14:35.039"/>
</kw>
<if>
<branch type="IF" condition="${cnt} &gt; 0">
<kw name="Set Global Variable" library="BuiltIn">
<arg>${STATE["${name}"]}</arg>
<arg>${text}</arg>
<doc>Makes a variable available globally in all tests and suites.</doc>
<msg timestamp="20230810 17:14:35.042" level="INFO">${STATE["Tiêu đề"]} = CA_PO_04 Quis nobis.</msg>
<status status="PASS" starttime="20230810 17:14:35.040" endtime="20230810 17:14:35.042"/>
</kw>
<status status="PASS" starttime="20230810 17:14:35.040" endtime="20230810 17:14:35.043"/>
</branch>
<status status="PASS" starttime="20230810 17:14:35.039" endtime="20230810 17:14:35.043"/>
</if>
<status status="PASS" starttime="20230810 17:14:34.942" endtime="20230810 17:14:35.043"/>
</kw>
<kw name="When Enter &quot;text&quot; in &quot;Slug&quot; with &quot;_RANDOM_&quot;" library="common" sourcename="Enter &quot;${type}&quot; in &quot;${name}&quot; with &quot;${text}&quot;">
<kw name="Get Random Text" library="common">
<var>${text}</var>
<arg>${type}</arg>
<arg>${text}</arg>
<kw name="Set Variable" library="BuiltIn">
<var>${symbol}</var>
<arg>_RANDOM_</arg>
<doc>Returns the given values which can then be assigned to a variables.</doc>
<msg timestamp="20230810 17:14:35.046" level="INFO">${symbol} = _RANDOM_</msg>
<status status="PASS" starttime="20230810 17:14:35.045" endtime="20230810 17:14:35.046"/>
</kw>
<kw name="Set Variable" library="BuiltIn">
<var>${new_text}</var>
<doc>Returns the given values which can then be assigned to a variables.</doc>
<msg timestamp="20230810 17:14:35.047" level="INFO">${new_text} = </msg>
<status status="PASS" starttime="20230810 17:14:35.047" endtime="20230810 17:14:35.047"/>
</kw>
<kw name="Get Regexp Matches" library="String">
<var>${containsS}</var>
<arg>${text}</arg>
<arg>_@(.+)@_</arg>
<arg>1</arg>
<doc>Returns a list of all non-overlapping matches in the given string.</doc>
<msg timestamp="20230810 17:14:35.049" level="INFO">${containsS} = []</msg>
<status status="PASS" starttime="20230810 17:14:35.048" endtime="20230810 17:14:35.049"/>
</kw>
<kw name="Get Length" library="BuiltIn">
<var>${cntS}</var>
<arg>${containsS}</arg>
<doc>Returns and logs the length of the given item as an integer.</doc>
<msg timestamp="20230810 17:14:35.050" level="INFO">Length is 0</msg>
<msg timestamp="20230810 17:14:35.050" level="INFO">${cntS} = 0</msg>
<status status="PASS" starttime="20230810 17:14:35.049" endtime="20230810 17:14:35.051"/>
</kw>
<kw name="Get Regexp Matches" library="String">
<var>${contains}</var>
<arg>${text}</arg>
<arg>${symbol}</arg>
<doc>Returns a list of all non-overlapping matches in the given string.</doc>
<msg timestamp="20230810 17:14:35.052" level="INFO">${contains} = ['_RANDOM_']</msg>
<status status="PASS" starttime="20230810 17:14:35.051" endtime="20230810 17:14:35.052"/>
</kw>
<kw name="Get Length" library="BuiltIn">
<var>${cnt}</var>
<arg>${contains}</arg>
<doc>Returns and logs the length of the given item as an integer.</doc>
<msg timestamp="20230810 17:14:35.053" level="INFO">Length is 1</msg>
<msg timestamp="20230810 17:14:35.053" level="INFO">${cnt} = 1</msg>
<status status="PASS" starttime="20230810 17:14:35.052" endtime="20230810 17:14:35.053"/>
</kw>
<if>
<branch type="IF" condition="${cntS} &gt; 0">
<kw name="Set Variable" library="BuiltIn">
<var>${new_text}</var>
<arg>${STATE["${containsS[0]}"]}</arg>
<doc>Returns the given values which can then be assigned to a variables.</doc>
<status status="NOT RUN" starttime="20230810 17:14:35.054" endtime="20230810 17:14:35.054"/>
</kw>
<kw name="Set Variable" library="BuiltIn">
<var>${symbol}</var>
<arg>_@${containsS[0]}@_</arg>
<doc>Returns the given values which can then be assigned to a variables.</doc>
<status status="NOT RUN" starttime="20230810 17:14:35.055" endtime="20230810 17:14:35.055"/>
</kw>
<status status="NOT RUN" starttime="20230810 17:14:35.054" endtime="20230810 17:14:35.055"/>
</branch>
<branch type="ELSE IF" condition="${cnt} &gt; 0 and '${type}' == 'test name'">
<kw name="Sentence" library="FakerLibrary">
<var>${random}</var>
<arg>nb_words=3</arg>
<doc>Generate a sentence.</doc>
<status status="NOT RUN" starttime="20230810 17:14:35.056" endtime="20230810 17:14:35.056"/>
</kw>
<kw name="Split String" library="String">
<var>${words}</var>
<arg>${TEST NAME}</arg>
<arg>${SPACE}</arg>
<doc>Splits the ``string`` using ``separator`` as a delimiter string.</doc>
<status status="NOT RUN" starttime="20230810 17:14:35.057" endtime="20230810 17:14:35.057"/>
</kw>
<kw name="Set Variable" library="BuiltIn">
<var>${new_text}</var>
<arg>${words[0]} ${random}</arg>
<doc>Returns the given values which can then be assigned to a variables.</doc>
<status status="NOT RUN" starttime="20230810 17:14:35.058" endtime="20230810 17:14:35.058"/>
</kw>
<status status="NOT RUN" starttime="20230810 17:14:35.056" endtime="20230810 17:14:35.058"/>
</branch>
<branch type="ELSE IF" condition="${cnt} &gt; 0 and '${type}' == 'number'">
<kw name="Random Int" library="FakerLibrary">
<var>${new_text}</var>
<doc>Generate a random integer between two integers ``min`` and ``max`` inclusive
while observing the provided ``step`` value.</doc>
<status status="NOT RUN" starttime="20230810 17:14:35.059" endtime="20230810 17:14:35.059"/>
</kw>
<kw name="Convert To String" library="BuiltIn">
<var>${new_text}</var>
<arg>${new_text}</arg>
<doc>Converts the given item to a Unicode string.</doc>
<status status="NOT RUN" starttime="20230810 17:14:35.060" endtime="20230810 17:14:35.060"/>
</kw>
<status status="NOT RUN" starttime="20230810 17:14:35.059" endtime="20230810 17:14:35.060"/>
</branch>
<branch type="ELSE IF" condition="${cnt} &gt; 0 and '${type}' == 'percentage'">
<kw name="Random Int" library="FakerLibrary">
<var>${new_text}</var>
<arg>max=100</arg>
<doc>Generate a random integer between two integers ``min`` and ``max`` inclusive
while observing the provided ``step`` value.</doc>
<status status="NOT RUN" starttime="20230810 17:14:35.062" endtime="20230810 17:14:35.062"/>
</kw>
<kw name="Convert To String" library="BuiltIn">
<var>${new_text}</var>
<arg>${new_text}</arg>
<doc>Converts the given item to a Unicode string.</doc>
<status status="NOT RUN" starttime="20230810 17:14:35.062" endtime="20230810 17:14:35.063"/>
</kw>
<status status="NOT RUN" starttime="20230810 17:14:35.061" endtime="20230810 17:14:35.063"/>
</branch>
<branch type="ELSE IF" condition="${cnt} &gt; 0 and '${type}' == 'paragraph'">
<kw name="Paragraph" library="FakerLibrary">
<var>${new_text}</var>
<doc>Generate a paragraph.</doc>
<status status="NOT RUN" starttime="20230810 17:14:35.064" endtime="20230810 17:14:35.064"/>
</kw>
<status status="NOT RUN" starttime="20230810 17:14:35.064" endtime="20230810 17:14:35.065"/>
</branch>
<branch type="ELSE IF" condition="${cnt} &gt; 0 and '${type}' == 'email'">
<kw name="Email" library="FakerLibrary">
<var>${new_text}</var>
<status status="NOT RUN" starttime="20230810 17:14:35.066" endtime="20230810 17:14:35.066"/>
</kw>
<status status="NOT RUN" starttime="20230810 17:14:35.066" endtime="20230810 17:14:35.074"/>
</branch>
<branch type="ELSE IF" condition="${cnt} &gt; 0 and '${type}' == 'phone'">
<kw name="Random Int" library="FakerLibrary">
<var>${new_text}</var>
<arg>min=55555555</arg>
<arg>max=999999999999</arg>
<doc>Generate a random integer between two integers ``min`` and ``max`` inclusive
while observing the provided ``step`` value.</doc>
<status status="NOT RUN" starttime="20230810 17:14:35.075" endtime="20230810 17:14:35.076"/>
</kw>
<kw name="Convert To String" library="BuiltIn">
<var>${new_text}</var>
<arg>${new_text}</arg>
<doc>Converts the given item to a Unicode string.</doc>
<status status="NOT RUN" starttime="20230810 17:14:35.076" endtime="20230810 17:14:35.076"/>
</kw>
<status status="NOT RUN" starttime="20230810 17:14:35.075" endtime="20230810 17:14:35.078"/>
</branch>
<branch type="ELSE IF" condition="${cnt} &gt; 0 and '${type}' == 'color'">
<kw name="Safe Hex Color" library="FakerLibrary">
<var>${new_text}</var>
<doc>Generate a web-safe color formatted as a hex triplet.</doc>
<status status="NOT RUN" starttime="20230810 17:14:35.079" endtime="20230810 17:14:35.079"/>
</kw>
<status status="NOT RUN" starttime="20230810 17:14:35.078" endtime="20230810 17:14:35.079"/>
</branch>
<branch type="ELSE IF" condition="${cnt} &gt; 0 and '${type}' == 'date'">
<kw name="Date" library="FakerLibrary">
<var>${new_text}</var>
<arg>pattern=%d-%m-%Y</arg>
<doc>Get a date string between January 1, 1970 and now.</doc>
<status status="NOT RUN" starttime="20230810 17:14:35.080" endtime="20230810 17:14:35.080"/>
</kw>
<status status="NOT RUN" starttime="20230810 17:14:35.080" endtime="20230810 17:14:35.080"/>
</branch>
<branch type="ELSE IF" condition="${cnt} &gt; 0 and '${type}' == 'word'">
<kw name="Sentence" library="FakerLibrary">
<var>${new_text}</var>
<arg>nb_words=2</arg>
<doc>Generate a sentence.</doc>
<status status="NOT RUN" starttime="20230810 17:14:35.082" endtime="20230810 17:14:35.082"/>
</kw>
<status status="NOT RUN" starttime="20230810 17:14:35.081" endtime="20230810 17:14:35.082"/>
</branch>
<branch type="ELSE IF" condition="${cnt} &gt; 0">
<kw name="Sentence" library="FakerLibrary">
<var>${new_text}</var>
<doc>Generate a sentence.</doc>
<msg timestamp="20230810 17:14:35.083" level="INFO">${new_text} = Iure officiis corrupti reiciendis.</msg>
<status status="PASS" starttime="20230810 17:14:35.083" endtime="20230810 17:14:35.084"/>
</kw>
<status status="PASS" starttime="20230810 17:14:35.083" endtime="20230810 17:14:35.084"/>
</branch>
<status status="PASS" starttime="20230810 17:14:35.053" endtime="20230810 17:14:35.084"/>
</if>
<kw name="Get Length" library="BuiltIn">
<var>${cnt}</var>
<arg>${text}</arg>
<doc>Returns and logs the length of the given item as an integer.</doc>
<msg timestamp="20230810 17:14:35.085" level="INFO">Length is 8</msg>
<msg timestamp="20230810 17:14:35.085" level="INFO">${cnt} = 8</msg>
<status status="PASS" starttime="20230810 17:14:35.084" endtime="20230810 17:14:35.085"/>
</kw>
<if>
<branch type="IF" condition="${cnt} &gt; 0">
<kw name="Replace String" library="String">
<var>${text}</var>
<arg>${text}</arg>
<arg>${symbol}</arg>
<arg>${new_text}</arg>
<doc>Replaces ``search_for`` in the given ``string`` with ``replace_with``.</doc>
<msg timestamp="20230810 17:14:35.087" level="INFO">${text} = Iure officiis corrupti reiciendis.</msg>
<status status="PASS" starttime="20230810 17:14:35.086" endtime="20230810 17:14:35.087"/>
</kw>
<status status="PASS" starttime="20230810 17:14:35.085" endtime="20230810 17:14:35.087"/>
</branch>
<status status="PASS" starttime="20230810 17:14:35.085" endtime="20230810 17:14:35.087"/>
</if>
<return>
<value>${text}</value>
<status status="PASS" starttime="20230810 17:14:35.087" endtime="20230810 17:14:35.088"/>
</return>
<msg timestamp="20230810 17:14:35.089" level="INFO">${text} = Iure officiis corrupti reiciendis.</msg>
<status status="PASS" starttime="20230810 17:14:35.044" endtime="20230810 17:14:35.089"/>
</kw>
<kw name="Get Element Form Item By Name" library="common">
<var>${element}</var>
<arg>${name}</arg>
<arg>//input[contains(@class, "ant-input")]</arg>
<return>
<value>xpath=//*[contains(@class, "ant-form-item-label")]/label[text()="${name}"]/../../*[contains(@class, "ant-form-item")]${xpath}</value>
<status status="PASS" starttime="20230810 17:14:35.090" endtime="20230810 17:14:35.090"/>
</return>
<msg timestamp="20230810 17:14:35.091" level="INFO">${element} = xpath=//*[contains(@class, "ant-form-item-label")]/label[text()="Slug"]/../../*[contains(@class, "ant-form-item")]//input[contains(@class, "ant-input")]</msg>
<status status="PASS" starttime="20230810 17:14:35.089" endtime="20230810 17:14:35.091"/>
</kw>
<kw name="Clear Text" library="Browser">
<arg>${element}</arg>
<tag>PageContent</tag>
<tag>Setter</tag>
<doc>Clears the text field found by ``selector``.</doc>
<status status="PASS" starttime="20230810 17:14:35.091" endtime="20230810 17:14:35.141"/>
</kw>
<kw name="Fill Text" library="Browser">
<arg>${element}</arg>
<arg>${text}</arg>
<arg>True</arg>
<tag>PageContent</tag>
<tag>Setter</tag>
<doc>Clears and fills the given ``txt`` into the text field found by ``selector``.</doc>
<msg timestamp="20230810 17:14:35.143" level="INFO">Fills the text 'Iure officiis corrupti reiciendis.' in the given field.</msg>
<status status="PASS" starttime="20230810 17:14:35.142" endtime="20230810 17:14:35.203"/>
</kw>
<kw name="Get Length" library="BuiltIn">
<var>${cnt}</var>
<arg>${text}</arg>
<doc>Returns and logs the length of the given item as an integer.</doc>
<msg timestamp="20230810 17:14:35.204" level="INFO">Length is 34</msg>
<msg timestamp="20230810 17:14:35.205" level="INFO">${cnt} = 34</msg>
<status status="PASS" starttime="20230810 17:14:35.204" endtime="20230810 17:14:35.205"/>
</kw>
<if>
<branch type="IF" condition="${cnt} &gt; 0">
<kw name="Set Global Variable" library="BuiltIn">
<arg>${STATE["${name}"]}</arg>
<arg>${text}</arg>
<doc>Makes a variable available globally in all tests and suites.</doc>
<msg timestamp="20230810 17:14:35.207" level="INFO">${STATE["Slug"]} = Iure officiis corrupti reiciendis.</msg>
<status status="PASS" starttime="20230810 17:14:35.206" endtime="20230810 17:14:35.208"/>
</kw>
<status status="PASS" starttime="20230810 17:14:35.205" endtime="20230810 17:14:35.208"/>
</branch>
<status status="PASS" starttime="20230810 17:14:35.205" endtime="20230810 17:14:35.209"/>
</if>
<status status="PASS" starttime="20230810 17:14:35.044" endtime="20230810 17:14:35.209"/>
</kw>
<kw name="When Enter &quot;paragraph&quot; in textarea &quot;Giới thiệu&quot; with &quot;_RANDOM_&quot;" library="common" sourcename="Enter &quot;${type}&quot; in textarea &quot;${name}&quot; with &quot;${text}&quot;">
<kw name="Get Random Text" library="common">
<var>${text}</var>
<arg>${type}</arg>
<arg>${text}</arg>
<kw name="Set Variable" library="BuiltIn">
<var>${symbol}</var>
<arg>_RANDOM_</arg>
<doc>Returns the given values which can then be assigned to a variables.</doc>
<msg timestamp="20230810 17:14:35.212" level="INFO">${symbol} = _RANDOM_</msg>
<status status="PASS" starttime="20230810 17:14:35.211" endtime="20230810 17:14:35.212"/>
</kw>
<kw name="Set Variable" library="BuiltIn">
<var>${new_text}</var>
<doc>Returns the given values which can then be assigned to a variables.</doc>
<msg timestamp="20230810 17:14:35.213" level="INFO">${new_text} = </msg>
<status status="PASS" starttime="20230810 17:14:35.212" endtime="20230810 17:14:35.213"/>
</kw>
<kw name="Get Regexp Matches" library="String">
<var>${containsS}</var>
<arg>${text}</arg>
<arg>_@(.+)@_</arg>
<arg>1</arg>
<doc>Returns a list of all non-overlapping matches in the given string.</doc>
<msg timestamp="20230810 17:14:35.214" level="INFO">${containsS} = []</msg>
<status status="PASS" starttime="20230810 17:14:35.213" endtime="20230810 17:14:35.214"/>
</kw>
<kw name="Get Length" library="BuiltIn">
<var>${cntS}</var>
<arg>${containsS}</arg>
<doc>Returns and logs the length of the given item as an integer.</doc>
<msg timestamp="20230810 17:14:35.215" level="INFO">Length is 0</msg>
<msg timestamp="20230810 17:14:35.215" level="INFO">${cntS} = 0</msg>
<status status="PASS" starttime="20230810 17:14:35.215" endtime="20230810 17:14:35.215"/>
</kw>
<kw name="Get Regexp Matches" library="String">
<var>${contains}</var>
<arg>${text}</arg>
<arg>${symbol}</arg>
<doc>Returns a list of all non-overlapping matches in the given string.</doc>
<msg timestamp="20230810 17:14:35.216" level="INFO">${contains} = ['_RANDOM_']</msg>
<status status="PASS" starttime="20230810 17:14:35.216" endtime="20230810 17:14:35.217"/>
</kw>
<kw name="Get Length" library="BuiltIn">
<var>${cnt}</var>
<arg>${contains}</arg>
<doc>Returns and logs the length of the given item as an integer.</doc>
<msg timestamp="20230810 17:14:35.217" level="INFO">Length is 1</msg>
<msg timestamp="20230810 17:14:35.218" level="INFO">${cnt} = 1</msg>
<status status="PASS" starttime="20230810 17:14:35.217" endtime="20230810 17:14:35.218"/>
</kw>
<if>
<branch type="IF" condition="${cntS} &gt; 0">
<kw name="Set Variable" library="BuiltIn">
<var>${new_text}</var>
<arg>${STATE["${containsS[0]}"]}</arg>
<doc>Returns the given values which can then be assigned to a variables.</doc>
<status status="NOT RUN" starttime="20230810 17:14:35.220" endtime="20230810 17:14:35.221"/>
</kw>
<kw name="Set Variable" library="BuiltIn">
<var>${symbol}</var>
<arg>_@${containsS[0]}@_</arg>
<doc>Returns the given values which can then be assigned to a variables.</doc>
<status status="NOT RUN" starttime="20230810 17:14:35.221" endtime="20230810 17:14:35.221"/>
</kw>
<status status="NOT RUN" starttime="20230810 17:14:35.220" endtime="20230810 17:14:35.222"/>
</branch>
<branch type="ELSE IF" condition="${cnt} &gt; 0 and '${type}' == 'test name'">
<kw name="Sentence" library="FakerLibrary">
<var>${random}</var>
<arg>nb_words=3</arg>
<doc>Generate a sentence.</doc>
<status status="NOT RUN" starttime="20230810 17:14:35.222" endtime="20230810 17:14:35.223"/>
</kw>
<kw name="Split String" library="String">
<var>${words}</var>
<arg>${TEST NAME}</arg>
<arg>${SPACE}</arg>
<doc>Splits the ``string`` using ``separator`` as a delimiter string.</doc>
<status status="NOT RUN" starttime="20230810 17:14:35.223" endtime="20230810 17:14:35.223"/>
</kw>
<kw name="Set Variable" library="BuiltIn">
<var>${new_text}</var>
<arg>${words[0]} ${random}</arg>
<doc>Returns the given values which can then be assigned to a variables.</doc>
<status status="NOT RUN" starttime="20230810 17:14:35.224" endtime="20230810 17:14:35.224"/>
</kw>
<status status="NOT RUN" starttime="20230810 17:14:35.222" endtime="20230810 17:14:35.224"/>
</branch>
<branch type="ELSE IF" condition="${cnt} &gt; 0 and '${type}' == 'number'">
<kw name="Random Int" library="FakerLibrary">
<var>${new_text}</var>
<doc>Generate a random integer between two integers ``min`` and ``max`` inclusive
while observing the provided ``step`` value.</doc>
<status status="NOT RUN" starttime="20230810 17:14:35.225" endtime="20230810 17:14:35.225"/>
</kw>
<kw name="Convert To String" library="BuiltIn">
<var>${new_text}</var>
<arg>${new_text}</arg>
<doc>Converts the given item to a Unicode string.</doc>
<status status="NOT RUN" starttime="20230810 17:14:35.226" endtime="20230810 17:14:35.226"/>
</kw>
<status status="NOT RUN" starttime="20230810 17:14:35.225" endtime="20230810 17:14:35.226"/>
</branch>
<branch type="ELSE IF" condition="${cnt} &gt; 0 and '${type}' == 'percentage'">
<kw name="Random Int" library="FakerLibrary">
<var>${new_text}</var>
<arg>max=100</arg>
<doc>Generate a random integer between two integers ``min`` and ``max`` inclusive
while observing the provided ``step`` value.</doc>
<status status="NOT RUN" starttime="20230810 17:14:35.227" endtime="20230810 17:14:35.227"/>
</kw>
<kw name="Convert To String" library="BuiltIn">
<var>${new_text}</var>
<arg>${new_text}</arg>
<doc>Converts the given item to a Unicode string.</doc>
<status status="NOT RUN" starttime="20230810 17:14:35.228" endtime="20230810 17:14:35.228"/>
</kw>
<status status="NOT RUN" starttime="20230810 17:14:35.227" endtime="20230810 17:14:35.228"/>
</branch>
<branch type="ELSE IF" condition="${cnt} &gt; 0 and '${type}' == 'paragraph'">
<kw name="Paragraph" library="FakerLibrary">
<var>${new_text}</var>
<doc>Generate a paragraph.</doc>
<msg timestamp="20230810 17:14:35.230" level="INFO">${new_text} = Praesentium labore sit odio suscipit provident ab quam. Quos sed occaecati eius architecto beatae laudantium nihil. Saepe veritatis quis nobis sint exercitationem distinctio quibusdam.</msg>
<status status="PASS" starttime="20230810 17:14:35.229" endtime="20230810 17:14:35.230"/>
</kw>
<status status="PASS" starttime="20230810 17:14:35.229" endtime="20230810 17:14:35.230"/>
</branch>
<branch type="ELSE IF" condition="${cnt} &gt; 0 and '${type}' == 'email'">
<kw name="Email" library="FakerLibrary">
<var>${new_text}</var>
<status status="NOT RUN" starttime="20230810 17:14:35.231" endtime="20230810 17:14:35.231"/>
</kw>
<status status="NOT RUN" starttime="20230810 17:14:35.231" endtime="20230810 17:14:35.231"/>
</branch>
<branch type="ELSE IF" condition="${cnt} &gt; 0 and '${type}' == 'phone'">
<kw name="Random Int" library="FakerLibrary">
<var>${new_text}</var>
<arg>min=55555555</arg>
<arg>max=999999999999</arg>
<doc>Generate a random integer between two integers ``min`` and ``max`` inclusive
while observing the provided ``step`` value.</doc>
<status status="NOT RUN" starttime="20230810 17:14:35.232" endtime="20230810 17:14:35.233"/>
</kw>
<kw name="Convert To String" library="BuiltIn">
<var>${new_text}</var>
<arg>${new_text}</arg>
<doc>Converts the given item to a Unicode string.</doc>
<status status="NOT RUN" starttime="20230810 17:14:35.233" endtime="20230810 17:14:35.235"/>
</kw>
<status status="NOT RUN" starttime="20230810 17:14:35.232" endtime="20230810 17:14:35.236"/>
</branch>
<branch type="ELSE IF" condition="${cnt} &gt; 0 and '${type}' == 'color'">
<kw name="Safe Hex Color" library="FakerLibrary">
<var>${new_text}</var>
<doc>Generate a web-safe color formatted as a hex triplet.</doc>
<status status="NOT RUN" starttime="20230810 17:14:35.237" endtime="20230810 17:14:35.238"/>
</kw>
<status status="NOT RUN" starttime="20230810 17:14:35.237" endtime="20230810 17:14:35.238"/>
</branch>
<branch type="ELSE IF" condition="${cnt} &gt; 0 and '${type}' == 'date'">
<kw name="Date" library="FakerLibrary">
<var>${new_text}</var>
<arg>pattern=%d-%m-%Y</arg>
<doc>Get a date string between January 1, 1970 and now.</doc>
<status status="NOT RUN" starttime="20230810 17:14:35.238" endtime="20230810 17:14:35.239"/>
</kw>
<status status="NOT RUN" starttime="20230810 17:14:35.238" endtime="20230810 17:14:35.239"/>
</branch>
<branch type="ELSE IF" condition="${cnt} &gt; 0 and '${type}' == 'word'">
<kw name="Sentence" library="FakerLibrary">
<var>${new_text}</var>
<arg>nb_words=2</arg>
<doc>Generate a sentence.</doc>
<status status="NOT RUN" starttime="20230810 17:14:35.240" endtime="20230810 17:14:35.240"/>
</kw>
<status status="NOT RUN" starttime="20230810 17:14:35.239" endtime="20230810 17:14:35.240"/>
</branch>
<branch type="ELSE IF" condition="${cnt} &gt; 0">
<kw name="Sentence" library="FakerLibrary">
<var>${new_text}</var>
<doc>Generate a sentence.</doc>
<status status="NOT RUN" starttime="20230810 17:14:35.241" endtime="20230810 17:14:35.241"/>
</kw>
<status status="NOT RUN" starttime="20230810 17:14:35.241" endtime="20230810 17:14:35.242"/>
</branch>
<status status="PASS" starttime="20230810 17:14:35.219" endtime="20230810 17:14:35.242"/>
</if>
<kw name="Get Length" library="BuiltIn">
<var>${cnt}</var>
<arg>${text}</arg>
<doc>Returns and logs the length of the given item as an integer.</doc>
<msg timestamp="20230810 17:14:35.243" level="INFO">Length is 8</msg>
<msg timestamp="20230810 17:14:35.243" level="INFO">${cnt} = 8</msg>
<status status="PASS" starttime="20230810 17:14:35.242" endtime="20230810 17:14:35.243"/>
</kw>
<if>
<branch type="IF" condition="${cnt} &gt; 0">
<kw name="Replace String" library="String">
<var>${text}</var>
<arg>${text}</arg>
<arg>${symbol}</arg>
<arg>${new_text}</arg>
<doc>Replaces ``search_for`` in the given ``string`` with ``replace_with``.</doc>
<msg timestamp="20230810 17:14:35.245" level="INFO">${text} = Praesentium labore sit odio suscipit provident ab quam. Quos sed occaecati eius architecto beatae laudantium nihil. Saepe veritatis quis nobis sint exercitationem distinctio quibusdam.</msg>
<status status="PASS" starttime="20230810 17:14:35.244" endtime="20230810 17:14:35.245"/>
</kw>
[...]
<tag>Getter</tag>
<tag>PageContent</tag>
<doc>Returns text attribute of the element found by ``selector``.</doc>
<msg timestamp="20230810 17:14:39.293" level="INFO">Text: 'Cập nhật thành công'</msg>
<status status="PASS" starttime="20230810 17:14:38.886" endtime="20230810 17:14:39.294"/>
</kw>
<status status="PASS" starttime="20230810 17:14:38.884" endtime="20230810 17:14:39.294"/>
</kw>
<kw name="Set Variable" library="BuiltIn">
<var>${element}</var>
<arg>xpath=//*[contains(@class, "swal2-confirm")]</arg>
<doc>Returns the given values which can then be assigned to a variables.</doc>
<msg timestamp="20230810 17:14:39.295" level="INFO">${element} = xpath=//*[contains(@class, "swal2-confirm")]</msg>
<status status="PASS" starttime="20230810 17:14:39.295" endtime="20230810 17:14:39.296"/>
</kw>
<kw name="Run Keyword And Return Status" library="BuiltIn">
<var>${passed}</var>
<arg>Element Should Be Visible</arg>
<arg>${element}</arg>
<doc>Runs the given keyword with given arguments and returns the status as a Boolean value.</doc>
<kw name="Element Should Be Visible" library="common">
<arg>${element}</arg>
<kw name="Wait For Elements State" library="Browser">
<arg>${locator}</arg>
<arg>visible</arg>
<arg>${timeout}</arg>
<arg>${message}</arg>
<tag>PageContent</tag>
<tag>Wait</tag>
<doc>Waits for the element found by ``selector`` to satisfy state option.</doc>
<msg timestamp="20230810 17:14:39.675" level="INFO" html="true">&lt;/td&gt;&lt;/tr&gt;&lt;tr&gt;&lt;td colspan="3"&gt;&lt;a href="browser/screenshot/fail-screenshot-3.png" target="_blank"&gt;&lt;img src="browser/screenshot/fail-screenshot-3.png" width="800px"/&gt;&lt;/a&gt;</msg>
<msg timestamp="20230810 17:14:39.675" level="INFO">See also file:///C:/Users/Admin/Desktop/LearnRobotFramwork/LearnSeleniumlibraryRobotframework/playwright-log.txt for additional details.</msg>
<msg timestamp="20230810 17:14:39.676" level="FAIL">TimeoutError: locator.waitFor: Timeout 100ms exceeded.
=========================== logs ===========================
waiting for locator('xpath=//*[contains(@class, "swal2-confirm")]') to be visible
  locator resolved to hidden &lt;button type="button" aria-label="" class="swal2-confirm…&gt;OK&lt;/button&gt;
  locator resolved to hidden &lt;button type="button" aria-label="" class="swal2-confirm…&gt;OK&lt;/button&gt;
  locator resolved to hidden &lt;button type="button" aria-label="" class="swal2-confirm…&gt;OK&lt;/button&gt;
============================================================
Tip: Use "Set Browser Timeout" for increasing the timeout or double check your locator as the targeted element(s) couldn't be found.</msg>
<status status="FAIL" starttime="20230810 17:14:39.299" endtime="20230810 17:14:39.677"/>
</kw>
<status status="FAIL" starttime="20230810 17:14:39.297" endtime="20230810 17:14:39.678"/>
</kw>
<msg timestamp="20230810 17:14:39.679" level="INFO">${passed} = False</msg>
<status status="PASS" starttime="20230810 17:14:39.296" endtime="20230810 17:14:39.679"/>
</kw>
<if>
<branch type="IF" condition="'${passed}' == 'True'">
<kw name="Click" library="Browser">
<arg>${element}</arg>
<tag>PageContent</tag>
<tag>Setter</tag>
<doc>Simulates mouse click on the element found by ``selector``.</doc>
<status status="NOT RUN" starttime="20230810 17:14:39.680" endtime="20230810 17:14:39.680"/>
</kw>
<status status="NOT RUN" starttime="20230810 17:14:39.679" endtime="20230810 17:14:39.680"/>
</branch>
<status status="PASS" starttime="20230810 17:14:39.679" endtime="20230810 17:14:39.680"/>
</if>
<kw name="Wait Until Element Spin" library="common">
<kw name="Sleep" library="BuiltIn">
<arg>${SHOULD_TIMEOUT}</arg>
<doc>Pauses the test executed for the given time.</doc>
<msg timestamp="20230810 17:14:39.791" level="INFO">Slept 100 milliseconds</msg>
<status status="PASS" starttime="20230810 17:14:39.681" endtime="20230810 17:14:39.791"/>
</kw>
<kw name="Set Variable" library="BuiltIn">
<var>${element}</var>
<arg>xpath=//*[contains(@class, "ant-spin-spinning")]</arg>
<doc>Returns the given values which can then be assigned to a variables.</doc>
<msg timestamp="20230810 17:14:39.792" level="INFO">${element} = xpath=//*[contains(@class, "ant-spin-spinning")]</msg>
<status status="PASS" starttime="20230810 17:14:39.791" endtime="20230810 17:14:39.792"/>
</kw>
<kw name="Get Element Count" library="Browser">
<var>${count}</var>
<arg>${element}</arg>
<tag>Assertion</tag>
<tag>Getter</tag>
<tag>PageContent</tag>
<doc>Returns the count of elements found with ``selector``.</doc>
<msg timestamp="20230810 17:14:39.801" level="INFO">${count} = 0</msg>
<status status="PASS" starttime="20230810 17:14:39.792" endtime="20230810 17:14:39.801"/>
</kw>
<if>
<branch type="IF" condition="${count} &gt; 0">
<kw name="Wait Until Element Is Not Exist" library="common">
<arg>${element}</arg>
<status status="NOT RUN" starttime="20230810 17:14:39.802" endtime="20230810 17:14:39.802"/>
</kw>
<status status="NOT RUN" starttime="20230810 17:14:39.801" endtime="20230810 17:14:39.802"/>
</branch>
<status status="PASS" starttime="20230810 17:14:39.801" endtime="20230810 17:14:39.803"/>
</if>
<status status="PASS" starttime="20230810 17:14:39.681" endtime="20230810 17:14:39.803"/>
</kw>
<status status="PASS" starttime="20230810 17:14:38.878" endtime="20230810 17:14:39.803"/>
</kw>
<kw name="When Click on the &quot;Xóa&quot; button in the &quot;_@Tiêu đề@_&quot; item line" library="common" sourcename="Click on the &quot;${text}&quot; button in the &quot;${name}&quot; item line">
<kw name="Wait Until Element Spin" library="common">
<kw name="Sleep" library="BuiltIn">
<arg>${SHOULD_TIMEOUT}</arg>
<doc>Pauses the test executed for the given time.</doc>
<msg timestamp="20230810 17:14:39.914" level="INFO">Slept 100 milliseconds</msg>
<status status="PASS" starttime="20230810 17:14:39.806" endtime="20230810 17:14:39.915"/>
</kw>
<kw name="Set Variable" library="BuiltIn">
<var>${element}</var>
<arg>xpath=//*[contains(@class, "ant-spin-spinning")]</arg>
<doc>Returns the given values which can then be assigned to a variables.</doc>
<msg timestamp="20230810 17:14:39.916" level="INFO">${element} = xpath=//*[contains(@class, "ant-spin-spinning")]</msg>
<status status="PASS" starttime="20230810 17:14:39.916" endtime="20230810 17:14:39.917"/>
</kw>
<kw name="Get Element Count" library="Browser">
<var>${count}</var>
<arg>${element}</arg>
<tag>Assertion</tag>
<tag>Getter</tag>
<tag>PageContent</tag>
<doc>Returns the count of elements found with ``selector``.</doc>
<msg timestamp="20230810 17:14:39.930" level="INFO">${count} = 0</msg>
<status status="PASS" starttime="20230810 17:14:39.917" endtime="20230810 17:14:39.930"/>
</kw>
<if>
<branch type="IF" condition="${count} &gt; 0">
<kw name="Wait Until Element Is Not Exist" library="common">
<arg>${element}</arg>
<status status="NOT RUN" starttime="20230810 17:14:39.931" endtime="20230810 17:14:39.931"/>
</kw>
<status status="NOT RUN" starttime="20230810 17:14:39.930" endtime="20230810 17:14:39.931"/>
</branch>
<status status="PASS" starttime="20230810 17:14:39.930" endtime="20230810 17:14:39.932"/>
</if>
<status status="PASS" starttime="20230810 17:14:39.805" endtime="20230810 17:14:39.932"/>
</kw>
<kw name="Check Text" library="common">
<var>${name}</var>
<arg>${name}</arg>
<kw name="Get Regexp Matches" library="String">
<var>${containsS}</var>
<arg>${text}</arg>
<arg>_@(.+)@_</arg>
<arg>1</arg>
<doc>Returns a list of all non-overlapping matches in the given string.</doc>
<msg timestamp="20230810 17:14:39.934" level="INFO">${containsS} = ['Tiêu đề']</msg>
<status status="PASS" starttime="20230810 17:14:39.933" endtime="20230810 17:14:39.935"/>
</kw>
<kw name="Get Length" library="BuiltIn">
<var>${cntS}</var>
<arg>${containsS}</arg>
<doc>Returns and logs the length of the given item as an integer.</doc>
<msg timestamp="20230810 17:14:39.936" level="INFO">Length is 1</msg>
<msg timestamp="20230810 17:14:39.936" level="INFO">${cntS} = 1</msg>
<status status="PASS" starttime="20230810 17:14:39.935" endtime="20230810 17:14:39.936"/>
</kw>
<if>
<branch type="IF" condition="${cntS} &gt; 0">
<kw name="Set Variable" library="BuiltIn">
<var>${text}</var>
<arg>${STATE["${containsS[0]}"]}</arg>
<doc>Returns the given values which can then be assigned to a variables.</doc>
<msg timestamp="20230810 17:14:39.939" level="INFO">${text} = CA_PO_04 Ullam perferendis.</msg>
<status status="PASS" starttime="20230810 17:14:39.937" endtime="20230810 17:14:39.939"/>
</kw>
<status status="PASS" starttime="20230810 17:14:39.937" endtime="20230810 17:14:39.940"/>
</branch>
<status status="PASS" starttime="20230810 17:14:39.937" endtime="20230810 17:14:39.940"/>
</if>
<return>
<value>${text}</value>
<status status="PASS" starttime="20230810 17:14:39.940" endtime="20230810 17:14:39.940"/>
</return>
<msg timestamp="20230810 17:14:39.941" level="INFO">${name} = CA_PO_04 Ullam perferendis.</msg>
<status status="PASS" starttime="20230810 17:14:39.932" endtime="20230810 17:14:39.941"/>
</kw>
<kw name="Get Element Item By Name" library="common">
<var>${element}</var>
<arg>${name}</arg>
<arg>//button[@title = "${text}"]</arg>
<return>
<value>xpath=//*[contains(@class, "item-text") and contains(text(), "${name}")]/ancestor::*[contains(@class, "item")]${xpath}</value>
<status status="PASS" starttime="20230810 17:14:39.942" endtime="20230810 17:14:39.942"/>
</return>
<msg timestamp="20230810 17:14:39.943" level="INFO">${element} = xpath=//*[contains(@class, "item-text") and contains(text(), "CA_PO_04 Ullam perferendis.")]/ancestor::*[contains(@class, "item")]//button[@title = "Xóa"]</msg>
<status status="PASS" starttime="20230810 17:14:39.941" endtime="20230810 17:14:39.943"/>
</kw>
<kw name="Click" library="Browser">
<arg>${element}</arg>
<tag>PageContent</tag>
<tag>Setter</tag>
<doc>Simulates mouse click on the element found by ``selector``.</doc>
<status status="PASS" starttime="20230810 17:14:39.943" endtime="20230810 17:14:41.010"/>
</kw>
<kw name="Click Confirm To Action" library="common">
<kw name="Set Variable" library="BuiltIn">
<var>${element}</var>
<arg>xpath=//*[contains(@class, "ant-popover")]//*[contains(@class, "ant-btn-primary")]</arg>
<doc>Returns the given values which can then be assigned to a variables.</doc>
<msg timestamp="20230810 17:14:41.011" level="INFO">${element} = xpath=//*[contains(@class, "ant-popover")]//*[contains(@class, "ant-btn-primary")]</msg>
<status status="PASS" starttime="20230810 17:14:41.011" endtime="20230810 17:14:41.011"/>
</kw>
<kw name="Get Element Count" library="Browser">
<var>${count}</var>
<arg>${element}</arg>
<tag>Assertion</tag>
<tag>Getter</tag>
<tag>PageContent</tag>
<doc>Returns the count of elements found with ``selector``.</doc>
<msg timestamp="20230810 17:14:41.019" level="INFO">${count} = 1</msg>
<status status="PASS" starttime="20230810 17:14:41.012" endtime="20230810 17:14:41.019"/>
</kw>
<if>
<branch type="IF" condition="${count} &gt; 0">
<kw name="Click" library="Browser">
<arg>${element}</arg>
<tag>PageContent</tag>
<tag>Setter</tag>
<doc>Simulates mouse click on the element found by ``selector``.</doc>
<status status="PASS" starttime="20230810 17:14:41.020" endtime="20230810 17:14:41.281"/>
</kw>
<kw name="Sleep" library="BuiltIn">
<arg>${SHOULD_TIMEOUT}</arg>
<doc>Pauses the test executed for the given time.</doc>
<msg timestamp="20230810 17:14:41.393" level="INFO">Slept 100 milliseconds</msg>
<status status="PASS" starttime="20230810 17:14:41.281" endtime="20230810 17:14:41.393"/>
</kw>
<status status="PASS" starttime="20230810 17:14:41.020" endtime="20230810 17:14:41.393"/>
</branch>
<status status="PASS" starttime="20230810 17:14:41.020" endtime="20230810 17:14:41.394"/>
</if>
<status status="PASS" starttime="20230810 17:14:41.010" endtime="20230810 17:14:41.394"/>
</kw>
<status status="PASS" starttime="20230810 17:14:39.805" endtime="20230810 17:14:41.394"/>
</kw>
<kw name="Then User look message &quot;Đã xóa thành công&quot; popup" library="common" sourcename="User look message &quot;${message}&quot; popup">
<kw name="Get Regexp Matches" library="String">
<var>${contains}</var>
<arg>${message}</arg>
<arg>_@(.+)@_</arg>
<arg>1</arg>
<doc>Returns a list of all non-overlapping matches in the given string.</doc>
<msg timestamp="20230810 17:14:41.398" level="INFO">${contains} = []</msg>
<status status="PASS" starttime="20230810 17:14:41.397" endtime="20230810 17:14:41.398"/>
</kw>
<kw name="Get Length" library="BuiltIn">
<var>${cnt}</var>
<arg>${contains}</arg>
<doc>Returns and logs the length of the given item as an integer.</doc>
<msg timestamp="20230810 17:14:41.399" level="INFO">Length is 0</msg>
<msg timestamp="20230810 17:14:41.399" level="INFO">${cnt} = 0</msg>
<status status="PASS" starttime="20230810 17:14:41.398" endtime="20230810 17:14:41.399"/>
</kw>
<if>
<branch type="IF" condition="${cnt} &gt; 0">
<kw name="Replace String" library="String">
<var>${message}</var>
<arg>${message}</arg>
<arg>_@${contains[0]}@_</arg>
<arg>${STATE["${contains[0]}"]}</arg>
<doc>Replaces ``search_for`` in the given ``string`` with ``replace_with``.</doc>
<status status="NOT RUN" starttime="20230810 17:14:41.400" endtime="20230810 17:14:41.401"/>
</kw>
<status status="NOT RUN" starttime="20230810 17:14:41.400" endtime="20230810 17:14:41.401"/>
</branch>
<status status="PASS" starttime="20230810 17:14:41.400" endtime="20230810 17:14:41.401"/>
</if>
<kw name="Element Text Should Be" library="common">
<arg>id=swal2-html-container</arg>
<arg>${message}</arg>
<kw name="Get Text" library="Browser">
<arg>${locator}</arg>
<arg>equal</arg>
<arg>${expected}</arg>
<arg>${message}</arg>
<tag>Assertion</tag>
<tag>Getter</tag>
<tag>PageContent</tag>
<doc>Returns text attribute of the element found by ``selector``.</doc>
<msg timestamp="20230810 17:14:41.497" level="INFO">Text: 'Đã xóa thành công'</msg>
<status status="PASS" starttime="20230810 17:14:41.403" endtime="20230810 17:14:41.497"/>
</kw>
<status status="PASS" starttime="20230810 17:14:41.401" endtime="20230810 17:14:41.498"/>
</kw>
<kw name="Set Variable" library="BuiltIn">
<var>${element}</var>
<arg>xpath=//*[contains(@class, "swal2-confirm")]</arg>
<doc>Returns the given values which can then be assigned to a variables.</doc>
<msg timestamp="20230810 17:14:41.499" level="INFO">${element} = xpath=//*[contains(@class, "swal2-confirm")]</msg>
<status status="PASS" starttime="20230810 17:14:41.498" endtime="20230810 17:14:41.499"/>
</kw>
<kw name="Run Keyword And Return Status" library="BuiltIn">
<var>${passed}</var>
<arg>Element Should Be Visible</arg>
<arg>${element}</arg>
<doc>Runs the given keyword with given arguments and returns the status as a Boolean value.</doc>
<kw name="Element Should Be Visible" library="common">
<arg>${element}</arg>
<kw name="Wait For Elements State" library="Browser">
<arg>${locator}</arg>
<arg>visible</arg>
<arg>${timeout}</arg>
<arg>${message}</arg>
<tag>PageContent</tag>
<tag>Wait</tag>
<doc>Waits for the element found by ``selector`` to satisfy state option.</doc>
<msg timestamp="20230810 17:14:41.771" level="INFO" html="true">&lt;/td&gt;&lt;/tr&gt;&lt;tr&gt;&lt;td colspan="3"&gt;&lt;a href="browser/screenshot/fail-screenshot-4.png" target="_blank"&gt;&lt;img src="browser/screenshot/fail-screenshot-4.png" width="800px"/&gt;&lt;/a&gt;</msg>
<msg timestamp="20230810 17:14:41.771" level="INFO">See also file:///C:/Users/Admin/Desktop/LearnRobotFramwork/LearnSeleniumlibraryRobotframework/playwright-log.txt for additional details.</msg>
<msg timestamp="20230810 17:14:41.772" level="FAIL">TimeoutError: locator.waitFor: Timeout 100ms exceeded.
=========================== logs ===========================
waiting for locator('xpath=//*[contains(@class, "swal2-confirm")]') to be visible
  locator resolved to hidden &lt;button type="button" aria-label="" class="swal2-confirm…&gt;OK&lt;/button&gt;
  locator resolved to hidden &lt;button type="button" aria-label="" class="swal2-confirm…&gt;OK&lt;/button&gt;
  locator resolved to hidden &lt;button type="button" aria-label="" class="swal2-confirm…&gt;OK&lt;/button&gt;
============================================================
Tip: Use "Set Browser Timeout" for increasing the timeout or double check your locator as the targeted element(s) couldn't be found.</msg>
<status status="FAIL" starttime="20230810 17:14:41.503" endtime="20230810 17:14:41.773"/>
</kw>
<status status="FAIL" starttime="20230810 17:14:41.501" endtime="20230810 17:14:41.775"/>
</kw>
<msg timestamp="20230810 17:14:41.775" level="INFO">${passed} = False</msg>
<status status="PASS" starttime="20230810 17:14:41.499" endtime="20230810 17:14:41.775"/>
</kw>
<if>
<branch type="IF" condition="'${passed}' == 'True'">
<kw name="Click" library="Browser">
<arg>${element}</arg>
<tag>PageContent</tag>
<tag>Setter</tag>
<doc>Simulates mouse click on the element found by ``selector``.</doc>
<status status="NOT RUN" starttime="20230810 17:14:41.776" endtime="20230810 17:14:41.777"/>
</kw>
<status status="NOT RUN" starttime="20230810 17:14:41.776" endtime="20230810 17:14:41.777"/>
</branch>
<status status="PASS" starttime="20230810 17:14:41.776" endtime="20230810 17:14:41.777"/>
</if>
<kw name="Wait Until Element Spin" library="common">
<kw name="Sleep" library="BuiltIn">
<arg>${SHOULD_TIMEOUT}</arg>
<doc>Pauses the test executed for the given time.</doc>
<msg timestamp="20230810 17:14:41.885" level="INFO">Slept 100 milliseconds</msg>
<status status="PASS" starttime="20230810 17:14:41.778" endtime="20230810 17:14:41.886"/>
</kw>
<kw name="Set Variable" library="BuiltIn">
<var>${element}</var>
<arg>xpath=//*[contains(@class, "ant-spin-spinning")]</arg>
<doc>Returns the given values which can then be assigned to a variables.</doc>
<msg timestamp="20230810 17:14:41.888" level="INFO">${element} = xpath=//*[contains(@class, "ant-spin-spinning")]</msg>
<status status="PASS" starttime="20230810 17:14:41.887" endtime="20230810 17:14:41.889"/>
</kw>
<kw name="Get Element Count" library="Browser">
<var>${count}</var>
<arg>${element}</arg>
<tag>Assertion</tag>
<tag>Getter</tag>
<tag>PageContent</tag>
<doc>Returns the count of elements found with ``selector``.</doc>
<msg timestamp="20230810 17:14:41.908" level="INFO">${count} = 0</msg>
<status status="PASS" starttime="20230810 17:14:41.890" endtime="20230810 17:14:41.909"/>
</kw>
<if>
<branch type="IF" condition="${count} &gt; 0">
<kw name="Wait Until Element Is Not Exist" library="common">
<arg>${element}</arg>
<status status="NOT RUN" starttime="20230810 17:14:41.911" endtime="20230810 17:14:41.912"/>
</kw>
<status status="NOT RUN" starttime="20230810 17:14:41.910" endtime="20230810 17:14:41.913"/>
</branch>
<status status="PASS" starttime="20230810 17:14:41.909" endtime="20230810 17:14:41.913"/>
</if>
<status status="PASS" starttime="20230810 17:14:41.777" endtime="20230810 17:14:41.914"/>
</kw>
<status status="PASS" starttime="20230810 17:14:41.396" endtime="20230810 17:14:41.915"/>
</kw>
<kw name="Tear Down" library="common" type="TEARDOWN">
<kw name="Close Browser" library="Browser">
<arg>ALL</arg>
<tag>BrowserControl</tag>
<tag>Setter</tag>
<doc>Closes the current browser.</doc>
<msg timestamp="20230810 17:14:42.631" level="INFO">Closed all browsers</msg>
<status status="PASS" starttime="20230810 17:14:41.926" endtime="20230810 17:14:42.631"/>
</kw>
<status status="PASS" starttime="20230810 17:14:41.924" endtime="20230810 17:14:42.632"/>
</kw>
<tag>@regression</tag>
<tag>@smoketest</tag>
<status status="PASS" starttime="20230810 17:14:27.794" endtime="20230810 17:14:42.634"/>
</test>
<status status="PASS" starttime="20230810 17:14:24.986" endtime="20230810 17:14:42.642"/>
</suite>
<statistics>
<total>
<stat pass="1" fail="0" skip="0">All Tests</stat>
</total>
<tag>
<stat pass="1" fail="0" skip="0">@regression</stat>
<stat pass="1" fail="0" skip="0">@smoketest</stat>
</tag>
<suite>
<stat pass="1" fail="0" skip="0" id="s1" name="Categories Post">Categories Post</stat>
</suite>
</statistics>
<errors>
</errors>
</robot>
