<?xml version="1.0" encoding="UTF-8"?>
<robot generator="Robot 5.0.1 (Python 3.9.13 on win32)" generated="20230730 20:51:31.470" rpa="false" schemaversion="3">
<suite id="s1" name="Test" source="c:\Users\PC\Desktop\SeleniumRobotFramework\LearnSeleniumlibraryRobotframework\testbrower\test.robot">
<test id="s1-t1" name="Vald" line="12">
<kw name="New Browser" library="Browser">
<arg>browser=${BROWSER}</arg>
<arg>headless=false</arg>
<tag>BrowserControl</tag>
<tag>Setter</tag>
<doc>Create a new playwright Browser with specified options.</doc>
<msg timestamp="20230730 20:51:33.041" level="INFO">{"browser": "chromium", "headless": false, "devtools": false, "handleSIGHUP": true, "handleSIGINT": true, "handleSIGTERM": true, "slowMo": 0.0, "timeout": 30000.0, "deprecated_pos_args": [], "tracesDir": "C:\\Users\\PC\\Desktop\\SeleniumRobotFramework\\LearnSeleniumlibraryRobotframework\\browser\\traces\\8867b402-ff2e-41b8-b3b9-4c3fd4523f7e"}</msg>
<msg timestamp="20230730 20:51:33.398" level="INFO">Successfully created browser with options: {"browser":"chromium","headless":false,"devtools":false,"handleSIGHUP":true,"handleSIGINT":true,"handleSIGTERM":true,"slowMo":0,"timeout":30000,"deprecated_pos_args":[],"tracesDir":"C:\\Users\\PC\\Desktop\\SeleniumRobotFramework\\LearnSeleniumlibraryRobotframework\\browser\\traces\\8867b402-ff2e-41b8-b3b9-4c3fd4523f7e"}</msg>
<status status="PASS" starttime="20230730 20:51:33.040" endtime="20230730 20:51:33.399"/>
</kw>
<kw name="New Page" library="Browser">
<arg>${url}</arg>
<tag>BrowserControl</tag>
<tag>Setter</tag>
<doc>Open a new Page.</doc>
<msg timestamp="20230730 20:51:39.961" level="INFO">Successfully initialized new page object and opened url: https://the-internet.herokuapp.com/login</msg>
<msg timestamp="20230730 20:51:39.962" level="INFO">No context was open. New context was automatically opened when this page is created.</msg>
<status status="PASS" starttime="20230730 20:51:33.400" endtime="20230730 20:51:39.962"/>
</kw>
<kw name="Type Text" library="Browser">
<arg>id=username</arg>
<arg>tomsmith</arg>
<tag>PageContent</tag>
<tag>Setter</tag>
<doc>Types the given ``txt`` into the text field found by ``selector``.</doc>
<msg timestamp="20230730 20:51:39.964" level="INFO">Types the text 'tomsmith' in the given field.</msg>
<status status="PASS" starttime="20230730 20:51:39.963" endtime="20230730 20:51:40.039"/>
</kw>
<kw name="Type Text" library="Browser">
<arg>id=password</arg>
<arg>SuperSecretPassword!</arg>
<tag>PageContent</tag>
<tag>Setter</tag>
<doc>Types the given ``txt`` into the text field found by ``selector``.</doc>
<msg timestamp="20230730 20:51:40.041" level="INFO">Types the text 'SuperSecretPassword!' in the given field.</msg>
<status status="PASS" starttime="20230730 20:51:40.040" endtime="20230730 20:51:40.088"/>
</kw>
<kw name="Click" library="Browser">
<arg>css=button &gt;&gt; text=login</arg>
<tag>PageContent</tag>
<tag>Setter</tag>
<doc>Simulates mouse click on the element found by ``selector``.</doc>
<status status="PASS" starttime="20230730 20:51:40.088" endtime="20230730 20:51:40.742"/>
</kw>
<kw name="Sleep" library="BuiltIn">
<arg>4</arg>
<doc>Pauses the test executed for the given time.</doc>
<msg timestamp="20230730 20:51:44.749" level="INFO">Slept 4 seconds</msg>
<status status="PASS" starttime="20230730 20:51:40.743" endtime="20230730 20:51:44.749"/>
</kw>
<status status="PASS" starttime="20230730 20:51:33.036" endtime="20230730 20:51:44.750"/>
</test>
<status status="PASS" starttime="20230730 20:51:31.479" endtime="20230730 20:51:44.780"/>
</suite>
<statistics>
<total>
<stat pass="1" fail="0" skip="0">All Tests</stat>
</total>
<tag>
</tag>
<suite>
<stat pass="1" fail="0" skip="0" id="s1" name="Test">Test</stat>
</suite>
</statistics>
<errors>
</errors>
</robot>
