<?xml version="1.0" encoding="UTF-8"?>
<robot generator="Robot 5.0.1 (Python 3.9.16 on win32)" generated="20230727 16:14:53.211" rpa="false" schemaversion="3">
<suite id="s1" name="Helloworld" source="c:\Users\Admin\Desktop\LearnRobotFramwork\google\helloworld.robot">
<test id="s1-t1" name="First Test" line="17">
<kw name="Open Browser" library="SeleniumLibrary">
<arg>https://www.google.com/</arg>
<arg>chrome</arg>
<doc>Opens a new browser instance to the optional ``url``.</doc>
<msg timestamp="20230727 16:14:54.190" level="INFO">Opening browser 'chrome' to base url 'https://www.google.com/'.</msg>
<msg timestamp="20230727 16:14:54.239" level="INFO">Applicable driver not found; attempting to install with Selenium Manager (Beta)</msg>
<status status="PASS" starttime="20230727 16:14:54.189" endtime="20230727 16:14:59.700"/>
</kw>
<kw name="Input Text" library="SeleniumLibrary">
<arg>//*[@name='q']</arg>
<arg>Hi Google</arg>
<doc>Types the given ``text`` into the text field identified by ``locator``.</doc>
<msg timestamp="20230727 16:14:59.706" level="INFO">Typing text 'Hi Google' into text field '//*[@name='q']'.</msg>
<status status="PASS" starttime="20230727 16:14:59.704" endtime="20230727 16:14:59.890"/>
</kw>
<kw name="Sleep" library="BuiltIn">
<arg>6s</arg>
<doc>Pauses the test executed for the given time.</doc>
<msg timestamp="20230727 16:15:05.897" level="INFO">Slept 6 seconds</msg>
<status status="PASS" starttime="20230727 16:14:59.891" endtime="20230727 16:15:05.897"/>
</kw>
<kw name="Close Browser" library="SeleniumLibrary">
<doc>Closes the current browser.</doc>
<status status="PASS" starttime="20230727 16:15:05.899" endtime="20230727 16:15:09.053"/>
</kw>
<status status="PASS" starttime="20230727 16:14:54.187" endtime="20230727 16:15:09.058"/>
</test>
<status status="PASS" starttime="20230727 16:14:53.228" endtime="20230727 16:15:09.078"/>
</suite>
<statistics>
<total>
<stat pass="1" fail="0" skip="0">All Tests</stat>
</total>
<tag>
</tag>
<suite>
<stat pass="1" fail="0" skip="0" id="s1" name="Helloworld">Helloworld</stat>
</suite>
</statistics>
<errors>
</errors>
</robot>
